Sat Nov 11 14:13:05 Saved as file K:\DLC\ORCAD NEW VERSION\NEW VERSION.MAX
Sat Nov 11 14:13:05 Saved as file BACKUP1.MAX
Sat Nov 11 14:13:05 Saved as file K:\DLC\ORCAD NEW VERSION\NEW VERSION.MAX
Sat Nov 11 14:13:05 UserDiv from Layout.INI for AutoECO: 60
Sat Nov 11 14:13:05 Loaded file K:\DLC\ORCAD NEW VERSION\NEW VERSION.MAX
Sat Nov 11 14:13:05 Loaded file C:\PROGRAM FILES\ORCAD\LAYOUT\library\BCON100T.llb
Sat Nov 11 14:13:05 Loaded file C:\PROGRAM FILES\ORCAD\LAYOUT\library\BCON156T.llb
Sat Nov 11 14:13:06 Loaded file C:\PROGRAM FILES\ORCAD\LAYOUT\library\BGA.llb
Sat Nov 11 14:13:06 Loaded file C:\PROGRAM FILES\ORCAD\LAYOUT\library\CLCC.llb
Sat Nov 11 14:13:06 Loaded file C:\PROGRAM FILES\ORCAD\LAYOUT\library\DCON050T.llb
Sat Nov 11 14:13:06 Loaded file C:\PROGRAM FILES\ORCAD\LAYOUT\library\DCON085T.llb
Sat Nov 11 14:13:06 Loaded file C:\PROGRAM FILES\ORCAD\LAYOUT\library\DIMM050F.llb
Sat Nov 11 14:13:06 Loaded file C:\PROGRAM FILES\ORCAD\LAYOUT\library\DIMM050T.llb
Sat Nov 11 14:13:06 Loaded file C:\PROGRAM FILES\ORCAD\LAYOUT\library\DIN.llb
Sat Nov 11 14:13:06 Loaded file C:\PROGRAM FILES\ORCAD\LAYOUT\library\DIP100B.llb
Sat Nov 11 14:13:06 Loaded file C:\PROGRAM FILES\ORCAD\LAYOUT\library\DIP100T.llb
Sat Nov 11 14:13:06 Loaded file C:\PROGRAM FILES\ORCAD\LAYOUT\library\DSUBT.llb
Sat Nov 11 14:13:07 Loaded file C:\PROGRAM FILES\ORCAD\LAYOUT\library\DSUBT_HD.LLB
Sat Nov 11 14:13:07 Loaded file C:\PROGRAM FILES\ORCAD\LAYOUT\library\ECON100T.llb
Sat Nov 11 14:13:07 Loaded file C:\PROGRAM FILES\ORCAD\LAYOUT\library\FBUS.llb
Sat Nov 11 14:13:07 Loaded file C:\PROGRAM FILES\ORCAD\LAYOUT\library\ISA.llb
Sat Nov 11 14:13:07 Loaded file C:\PROGRAM FILES\ORCAD\LAYOUT\library\JUMPER.LLB
Sat Nov 11 14:13:07 Loaded file C:\PROGRAM FILES\ORCAD\LAYOUT\library\LAYOUT.llb
Sat Nov 11 14:13:07 Loaded file C:\PROGRAM FILES\ORCAD\LAYOUT\library\LCON100T.llb
Sat Nov 11 14:13:07 Loaded file C:\PROGRAM FILES\ORCAD\LAYOUT\library\PC104.llb
Sat Nov 11 14:13:07 Loaded file C:\PROGRAM FILES\ORCAD\LAYOUT\library\PCI.llb
Sat Nov 11 14:13:07 Loaded file C:\PROGRAM FILES\ORCAD\LAYOUT\library\PCON100T.llb
Sat Nov 11 14:13:07 Loaded file C:\PROGRAM FILES\ORCAD\LAYOUT\library\PCON156T.llb
Sat Nov 11 14:13:08 Loaded file C:\PROGRAM FILES\ORCAD\LAYOUT\library\PGA.llb
Sat Nov 11 14:13:08 Loaded file C:\PROGRAM FILES\ORCAD\LAYOUT\library\PLCC.llb
Sat Nov 11 14:13:08 Loaded file C:\PROGRAM FILES\ORCAD\LAYOUT\library\QUAD.llb
Sat Nov 11 14:13:08 Loaded file C:\PROGRAM FILES\ORCAD\LAYOUT\library\QUADB.llb
Sat Nov 11 14:13:08 Loaded file C:\PROGRAM FILES\ORCAD\LAYOUT\library\RELAY.llb
Sat Nov 11 14:13:08 Loaded file C:\PROGRAM FILES\ORCAD\LAYOUT\library\RF.llb
Sat Nov 11 14:13:08 Loaded file C:\PROGRAM FILES\ORCAD\LAYOUT\library\SBUS.llb
Sat Nov 11 14:13:08 Loaded file C:\PROGRAM FILES\ORCAD\LAYOUT\library\SIMM050F.llb
Sat Nov 11 14:13:09 Loaded file C:\PROGRAM FILES\ORCAD\LAYOUT\library\SIMM050T.llb
Sat Nov 11 14:13:09 Loaded file C:\PROGRAM FILES\ORCAD\LAYOUT\library\SIMM100F.llb
Sat Nov 11 14:13:09 Loaded file C:\PROGRAM FILES\ORCAD\LAYOUT\library\SIMM100T.llb
Sat Nov 11 14:13:09 Loaded file C:\PROGRAM FILES\ORCAD\LAYOUT\library\SIP.llb
Sat Nov 11 14:13:09 Loaded file C:\PROGRAM FILES\ORCAD\LAYOUT\library\SM.llb
Sat Nov 11 14:13:09 Loaded file C:\PROGRAM FILES\ORCAD\LAYOUT\library\SOG.llb
Sat Nov 11 14:13:09 Loaded file C:\PROGRAM FILES\ORCAD\LAYOUT\library\SOJ.llb
Sat Nov 11 14:13:09 Loaded file C:\PROGRAM FILES\ORCAD\LAYOUT\library\STIFF.llb
Sat Nov 11 14:13:09 Loaded file C:\PROGRAM FILES\ORCAD\LAYOUT\library\TELE.llb
Sat Nov 11 14:13:10 Loaded file C:\PROGRAM FILES\ORCAD\LAYOUT\library\TM_AXIAL.llb
Sat Nov 11 14:13:10 Loaded file C:\PROGRAM FILES\ORCAD\LAYOUT\library\TM_CAP_P.llb
Sat Nov 11 14:13:10 Loaded file C:\PROGRAM FILES\ORCAD\LAYOUT\library\TM_CYLND.llb
Sat Nov 11 14:13:10 Loaded file C:\PROGRAM FILES\ORCAD\LAYOUT\library\TM_DIODE.llb
Sat Nov 11 14:13:10 Loaded file C:\PROGRAM FILES\ORCAD\LAYOUT\library\TM_DISC.llb
Sat Nov 11 14:13:10 Loaded file C:\PROGRAM FILES\ORCAD\LAYOUT\library\TM_RAD.llb
Sat Nov 11 14:13:10 Loaded file C:\PROGRAM FILES\ORCAD\LAYOUT\library\TO.llb
Sat Nov 11 14:13:10 Loaded file C:\PROGRAM FILES\ORCAD\LAYOUT\library\TRAINING.LLB
Sat Nov 11 14:13:10 Loaded file C:\PROGRAM FILES\ORCAD\LAYOUT\library\VRES.llb
Sat Nov 11 14:13:11 Loaded file C:\PROGRAM FILES\ORCAD\LAYOUT\library\WCON100T.llb
Sat Nov 11 14:13:11 Loaded file C:\PROGRAM FILES\ORCAD\LAYOUT\library\XT.llb
Sat Nov 11 14:13:11 Loaded file C:\PROGRAM FILES\ORCAD\LAYOUT\library\ZIGZAG.llb
Sat Nov 11 14:13:11 Library file not found:USER.PRT
Sat Nov 11 14:13:11 Library file not found:USER.PRT
Sat Nov 11 14:13:17 Loaded file C:\PROGRAM FILES\ORCAD\LAYOUT\data\template.imp
Sat Nov 11 14:13:17 Loaded file C:\PROGRAM FILES\ORCAD\LAYOUT\data\template.imp
Sat Nov 11 14:23:04 Saved as file BACKUP1.MAX
Sat Nov 11 14:28:55 Loaded file K:\DLC\ORCAD NEW VERSION\NEW VERSION.MAX
Sat Nov 11 14:29:55 Loaded file C:\Program Files\Orcad\Layout\data\template.imp
Sat Nov 11 14:29:55 Loaded file C:\Program Files\Orcad\Layout\data\template.imp
Sat Nov 11 14:29:55 Loaded file C:\Program Files\Orcad\Layout\data\template.imp
Sat Nov 11 14:29:55 Loaded file C:\Program Files\Orcad\Layout\data\template.imp
Sat Nov 11 14:30:13 Loaded file C:\PROGRAM FILES\ORCAD\LAYOUT\LIBRARY\DKR.LLB
Sat Nov 11 14:30:14 Loaded file C:\PROGRAM FILES\ORCAD\LAYOUT\LIBRARY\DKR.LLB
Sat Nov 11 14:30:14 Loaded file C:\PROGRAM FILES\ORCAD\LAYOUT\LIBRARY\DKR1.LLB
Sat Nov 11 14:30:14 Loaded file C:\PROGRAM FILES\ORCAD\LAYOUT\LIBRARY\DKR.LLB
Sat Nov 11 14:30:14 Loaded file C:\PROGRAM FILES\ORCAD\LAYOUT\LIBRARY\DKR1.LLB
Sat Nov 11 14:30:14 Loaded file C:\PROGRAM FILES\ORCAD\LAYOUT\LIBRARY\DKR-1.LLB
Sat Nov 11 14:30:14 Loaded file C:\PROGRAM FILES\ORCAD\LAYOUT\LIBRARY\DKR.LLB
Sat Nov 11 14:30:14 Loaded file C:\PROGRAM FILES\ORCAD\LAYOUT\LIBRARY\DKR1.LLB
Sat Nov 11 14:30:14 Loaded file C:\PROGRAM FILES\ORCAD\LAYOUT\LIBRARY\DKR-1.LLB
Sat Nov 11 14:30:15 Loaded file C:\PROGRAM FILES\ORCAD\LAYOUT\LIBRARY\DKR2.LLB
Sat Nov 11 14:30:29 Loaded file C:\Program Files\Orcad\Layout\data\template.imp
Sat Nov 11 14:30:59 Saved as file ~undo.max
Sat Nov 11 14:34:04 Saved as file BACKUP1.MAX
Sat Nov 11 14:42:41 Saved as file ~undo.max
Sat Nov 11 14:44:05 Saved as file BACKUP1.MAX
Sat Nov 11 14:52:00 Saved as file ~undo.max
Sat Nov 11 14:53:06 Saved as file ~undo.max
Sat Nov 11 14:54:34 Saved as file BACKUP1.MAX
Sat Nov 11 15:00:02 Saved as file ~undo.max
Sat Nov 11 15:01:22 Saved as file ~undo.max
Sat Nov 11 15:02:19 Saved as file ~undo.max
Sat Nov 11 15:05:04 Saved as file BACKUP1.MAX
Sat Nov 11 15:05:58 Saved as file BACKUP1.MAX
Sat Nov 11 15:05:59 Saved as file BACKUP1.MAX
Sat Nov 11 15:05:59 Saved as file BACKUP1.MAX
Sat Nov 11 15:05:59 Routed 1 connections in 1 seconds.
Sat Nov 11 15:05:59 Total is now 1 out of 25 (4%).
Sat Nov 11 15:05:59 Saved as file SWEEP1.MAX
Sat Nov 11 15:06:00 Saved as file BACKUP1.MAX
Sat Nov 11 15:06:00 Saved as file BACKUP1.MAX
Sat Nov 11 15:06:01 Saved as file BACKUP1.MAX
Sat Nov 11 15:06:01 Routed 24 connections in 1 seconds.
Sat Nov 11 15:06:01 Total is now 25 out of 25 (100%).
Sat Nov 11 15:06:01 Saved as file SWEEP2.MAX
Sat Nov 11 15:06:02 No new connections routed.
Sat Nov 11 15:06:02 Total is now 25 out of 25 (100%).
Sat Nov 11 15:06:02 Saved as file SWEEP3.MAX
Sat Nov 11 15:06:03 No new connections routed.
Sat Nov 11 15:06:03 Total is now 25 out of 25 (100%).
Sat Nov 11 15:06:03 Saved as file SWEEP4.MAX
Sat Nov 11 15:06:57 Saved as file ~undo.max
Sat Nov 11 15:08:05 Saved as file ~undo.max
Sat Nov 11 15:11:04 Saved as file ~undo.max
Sat Nov 11 15:12:38 Saved as file ~undo.max
Sat Nov 11 15:14:45 Saved as file ~undo.max
Sat Nov 11 15:15:35 Saved as file BACKUP1.MAX
Sat Nov 11 15:15:39 Saved as file ~undo.max
Sat Nov 11 15:16:47 Saved as file ~undo.max
Sat Nov 11 15:17:30 Saved as file ~undo.max
Sat Nov 11 15:17:44 Saved as file ~undo.max
Sat Nov 11 15:18:03 Saved as file ~undo.max
Sat Nov 11 15:20:14 Saved as file ~undo.max
Sat Nov 11 15:21:17 Saved as file ~undo.max
Sat Nov 11 15:22:34 Saved as file ~undo.max
Sat Nov 11 15:24:44 Saved as file ~undo.max
Sat Nov 11 15:25:22 Saved as file ~undo.max
Sat Nov 11 15:25:50 Saved as file ~undo.max
Sat Nov 11 15:26:03 Saved as file ~undo.max
Sat Nov 11 15:26:04 Saved as file BACKUP1.MAX
Sat Nov 11 15:26:04 Saved as file ~undo.max
Sat Nov 11 15:27:21 Saved as file ~undo.max
Sat Nov 11 15:28:44 Saved as file ~undo.max
Sat Nov 11 15:30:22 Saved as file ~undo.max
Sat Nov 11 15:32:27 Saved as file ~undo.max
Sat Nov 11 15:36:34 Saved as file BACKUP1.MAX
Sat Nov 11 15:37:43 Saved as file ~undo.max
Sat Nov 11 15:38:17 Saved as file ~undo.max
Sat Nov 11 15:39:03 Saved as file ~undo.max
Sat Nov 11 15:47:04 Saved as file BACKUP1.MAX
Sat Nov 11 15:52:57 Saved as file BACKUP1.MAX
Sat Nov 11 15:52:57 Saved as file K:\DLC\ORCAD NEW VERSION\NEW VERSION.MAX
Sat Nov 11 15:52:59 UserDiv from Layout.INI for AutoECO: 60
Sat Nov 11 15:52:59 Loaded file K:\DLC\ORCAD NEW VERSION\NEW VERSION.MAX
Sat Nov 11 15:52:59 Loaded file C:\PROGRAM FILES\ORCAD\LAYOUT\LIBRARY\DKR.LLB
Sat Nov 11 15:52:59 Loaded file C:\PROGRAM FILES\ORCAD\LAYOUT\LIBRARY\DKR1.LLB
Sat Nov 11 15:52:59 Loaded file C:\PROGRAM FILES\ORCAD\LAYOUT\LIBRARY\DKR-1.LLB
Sat Nov 11 15:52:59 Loaded file C:\PROGRAM FILES\ORCAD\LAYOUT\LIBRARY\DKR2.LLB
Sat Nov 11 15:52:59 Loaded file C:\PROGRAM FILES\ORCAD\LAYOUT\library\BCON100T.llb
Sat Nov 11 15:52:59 Loaded file C:\PROGRAM FILES\ORCAD\LAYOUT\library\BCON156T.llb
Sat Nov 11 15:52:59 Loaded file C:\PROGRAM FILES\ORCAD\LAYOUT\library\BGA.llb
Sat Nov 11 15:52:59 Loaded file C:\PROGRAM FILES\ORCAD\LAYOUT\library\CLCC.llb
Sat Nov 11 15:52:59 Loaded file C:\PROGRAM FILES\ORCAD\LAYOUT\library\DCON050T.llb
Sat Nov 11 15:52:59 Loaded file C:\PROGRAM FILES\ORCAD\LAYOUT\library\DCON085T.llb
Sat Nov 11 15:52:59 Loaded file C:\PROGRAM FILES\ORCAD\LAYOUT\library\DIMM050F.llb
Sat Nov 11 15:52:59 Loaded file C:\PROGRAM FILES\ORCAD\LAYOUT\library\DIMM050T.llb
Sat Nov 11 15:52:59 Loaded file C:\PROGRAM FILES\ORCAD\LAYOUT\library\DIN.llb
Sat Nov 11 15:52:59 Loaded file C:\PROGRAM FILES\ORCAD\LAYOUT\library\DIP100B.llb
Sat Nov 11 15:52:59 Loaded file C:\PROGRAM FILES\ORCAD\LAYOUT\library\DIP100T.llb
Sat Nov 11 15:52:59 Loaded file C:\PROGRAM FILES\ORCAD\LAYOUT\library\DSUBT.llb
Sat Nov 11 15:52:59 Loaded file C:\PROGRAM FILES\ORCAD\LAYOUT\library\DSUBT_HD.LLB
Sat Nov 11 15:52:59 Loaded file C:\PROGRAM FILES\ORCAD\LAYOUT\library\ECON100T.llb
Sat Nov 11 15:52:59 Loaded file C:\PROGRAM FILES\ORCAD\LAYOUT\library\FBUS.llb
Sat Nov 11 15:52:59 Loaded file C:\PROGRAM FILES\ORCAD\LAYOUT\library\ISA.llb
Sat Nov 11 15:52:59 Loaded file C:\PROGRAM FILES\ORCAD\LAYOUT\library\JUMPER.LLB
Sat Nov 11 15:53:00 Loaded file C:\PROGRAM FILES\ORCAD\LAYOUT\library\LAYOUT.llb
Sat Nov 11 15:53:00 Loaded file C:\PROGRAM FILES\ORCAD\LAYOUT\library\LCON100T.llb
Sat Nov 11 15:53:00 Loaded file C:\PROGRAM FILES\ORCAD\LAYOUT\library\PC104.llb
Sat Nov 11 15:53:00 Loaded file C:\PROGRAM FILES\ORCAD\LAYOUT\library\PCI.llb
Sat Nov 11 15:53:00 Loaded file C:\PROGRAM FILES\ORCAD\LAYOUT\library\PCON100T.llb
Sat Nov 11 15:53:00 Loaded file C:\PROGRAM FILES\ORCAD\LAYOUT\library\PCON156T.llb
Sat Nov 11 15:53:00 Loaded file C:\PROGRAM FILES\ORCAD\LAYOUT\library\PGA.llb
Sat Nov 11 15:53:00 Loaded file C:\PROGRAM FILES\ORCAD\LAYOUT\library\PLCC.llb
Sat Nov 11 15:53:00 Loaded file C:\PROGRAM FILES\ORCAD\LAYOUT\library\QUAD.llb
Sat Nov 11 15:53:00 Loaded file C:\PROGRAM FILES\ORCAD\LAYOUT\library\QUADB.llb
Sat Nov 11 15:53:00 Loaded file C:\PROGRAM FILES\ORCAD\LAYOUT\library\RELAY.llb
Sat Nov 11 15:53:00 Loaded file C:\PROGRAM FILES\ORCAD\LAYOUT\library\RF.llb
Sat Nov 11 15:53:00 Loaded file C:\PROGRAM FILES\ORCAD\LAYOUT\library\SBUS.llb
Sat Nov 11 15:53:00 Loaded file C:\PROGRAM FILES\ORCAD\LAYOUT\library\SIMM050F.llb
Sat Nov 11 15:53:00 Loaded file C:\PROGRAM FILES\ORCAD\LAYOUT\library\SIMM050T.llb
Sat Nov 11 15:53:00 Loaded file C:\PROGRAM FILES\ORCAD\LAYOUT\library\SIMM100F.llb
Sat Nov 11 15:53:00 Loaded file C:\PROGRAM FILES\ORCAD\LAYOUT\library\SIMM100T.llb
Sat Nov 11 15:53:00 Loaded file C:\PROGRAM FILES\ORCAD\LAYOUT\library\SIP.llb
Sat Nov 11 15:53:00 Loaded file C:\PROGRAM FILES\ORCAD\LAYOUT\library\SM.llb
Sat Nov 11 15:53:00 Loaded file C:\PROGRAM FILES\ORCAD\LAYOUT\library\SOG.llb
Sat Nov 11 15:53:00 Loaded file C:\PROGRAM FILES\ORCAD\LAYOUT\library\SOJ.llb
Sat Nov 11 15:53:00 Loaded file C:\PROGRAM FILES\ORCAD\LAYOUT\library\STIFF.llb
Sat Nov 11 15:53:00 Loaded file C:\PROGRAM FILES\ORCAD\LAYOUT\library\TELE.llb
Sat Nov 11 15:53:00 Loaded file C:\PROGRAM FILES\ORCAD\LAYOUT\library\TM_AXIAL.llb
Sat Nov 11 15:53:00 Loaded file C:\PROGRAM FILES\ORCAD\LAYOUT\library\TM_CAP_P.llb
Sat Nov 11 15:53:00 Loaded file C:\PROGRAM FILES\ORCAD\LAYOUT\library\TM_CYLND.llb
Sat Nov 11 15:53:01 Loaded file C:\PROGRAM FILES\ORCAD\LAYOUT\library\TM_DIODE.llb
Sat Nov 11 15:53:01 Loaded file C:\PROGRAM FILES\ORCAD\LAYOUT\library\TM_DISC.llb
Sat Nov 11 15:53:01 Loaded file C:\PROGRAM FILES\ORCAD\LAYOUT\library\TM_RAD.llb
Sat Nov 11 15:53:01 Loaded file C:\PROGRAM FILES\ORCAD\LAYOUT\library\TO.llb
Sat Nov 11 15:53:01 Loaded file C:\PROGRAM FILES\ORCAD\LAYOUT\library\TRAINING.LLB
Sat Nov 11 15:53:01 Loaded file C:\PROGRAM FILES\ORCAD\LAYOUT\library\VRES.llb
Sat Nov 11 15:53:01 Loaded file C:\PROGRAM FILES\ORCAD\LAYOUT\library\WCON100T.llb
Sat Nov 11 15:53:01 Loaded file C:\PROGRAM FILES\ORCAD\LAYOUT\library\XT.llb
Sat Nov 11 15:53:01 Loaded file C:\PROGRAM FILES\ORCAD\LAYOUT\library\ZIGZAG.llb
Sat Nov 11 15:53:04 Loaded file C:\PROGRAM FILES\ORCAD\LAYOUT\data\template.imp
Sat Nov 11 15:53:04 Loaded file C:\PROGRAM FILES\ORCAD\LAYOUT\data\template.imp
Sat Nov 11 15:53:06 Loaded file C:\PROGRAM FILES\ORCAD\LAYOUT\LIBRARY\DKR1.LLB
Sat Nov 11 15:53:06 Loaded file C:\PROGRAM FILES\ORCAD\LAYOUT\LIBRARY\DKR.LLB
Sat Nov 11 15:53:06 Loaded file C:\PROGRAM FILES\ORCAD\LAYOUT\LIBRARY\DKR1.LLB
Sat Nov 11 15:53:07 Loaded file C:\PROGRAM FILES\ORCAD\LAYOUT\LIBRARY\DKR.LLB
Sat Nov 11 15:53:07 Loaded file C:\PROGRAM FILES\ORCAD\LAYOUT\LIBRARY\DKR1.LLB
Sat Nov 11 15:53:07 Loaded file C:\PROGRAM FILES\ORCAD\LAYOUT\LIBRARY\DKR-1.LLB
Sat Nov 11 15:53:07 Loaded file C:\PROGRAM FILES\ORCAD\LAYOUT\LIBRARY\DKR.LLB
Sat Nov 11 15:53:07 Loaded file C:\PROGRAM FILES\ORCAD\LAYOUT\LIBRARY\DKR1.LLB
Sat Nov 11 15:53:07 Loaded file C:\PROGRAM FILES\ORCAD\LAYOUT\LIBRARY\DKR-1.LLB
Sat Nov 11 15:53:07 Loaded file C:\PROGRAM FILES\ORCAD\LAYOUT\LIBRARY\DKR2.LLB
Sat Nov 11 15:53:13 Loaded file C:\PROGRAM FILES\ORCAD\LAYOUT\data\template.imp
Sat Nov 11 15:53:14 Loaded file C:\PROGRAM FILES\ORCAD\LAYOUT\data\template.imp
Sat Nov 11 15:53:15 Loaded file C:\PROGRAM FILES\ORCAD\LAYOUT\data\template.imp
Sat Nov 11 15:53:15 Loaded file C:\PROGRAM FILES\ORCAD\LAYOUT\data\template.imp
Sat Nov 11 15:53:15 Loaded file C:\PROGRAM FILES\ORCAD\LAYOUT\data\template.imp
Sat Nov 11 15:53:15 Loaded file C:\PROGRAM FILES\ORCAD\LAYOUT\data\template.imp
Sat Nov 11 15:53:15 Loaded file C:\PROGRAM FILES\ORCAD\LAYOUT\data\template.imp
Sat Nov 11 15:53:15 Loaded file C:\PROGRAM FILES\ORCAD\LAYOUT\data\template.imp
Sat Nov 11 15:53:16 Loaded file C:\PROGRAM FILES\ORCAD\LAYOUT\data\template.imp
Sat Nov 11 15:53:17 Loaded file C:\PROGRAM FILES\ORCAD\LAYOUT\data\template.imp
Sat Nov 11 15:53:18 Loaded file C:\PROGRAM FILES\ORCAD\LAYOUT\data\template.imp
Sat Nov 11 15:53:19 Loaded file C:\PROGRAM FILES\ORCAD\LAYOUT\data\template.imp
Sat Nov 11 15:53:20 Loaded file C:\PROGRAM FILES\ORCAD\LAYOUT\data\template.imp
Sat Nov 11 15:53:20 Loaded file C:\PROGRAM FILES\ORCAD\LAYOUT\data\template.imp
Sat Nov 11 15:53:21 Loaded file C:\PROGRAM FILES\ORCAD\LAYOUT\data\template.imp
Sat Nov 11 15:53:21 Loaded file C:\PROGRAM FILES\ORCAD\LAYOUT\data\template.imp
Sat Nov 11 15:53:21 Loaded file C:\PROGRAM FILES\ORCAD\LAYOUT\data\template.imp
Sat Nov 11 15:53:22 Loaded file C:\PROGRAM FILES\ORCAD\LAYOUT\data\template.imp
Sat Nov 11 15:53:23 Loaded file C:\PROGRAM FILES\ORCAD\LAYOUT\data\template.imp
Sat Nov 11 15:53:23 Loaded file C:\PROGRAM FILES\ORCAD\LAYOUT\data\template.imp
Sat Nov 11 15:53:23 Loaded file C:\PROGRAM FILES\ORCAD\LAYOUT\data\template.imp
Sat Nov 11 15:53:24 Loaded file C:\PROGRAM FILES\ORCAD\LAYOUT\data\template.imp
Sat Nov 11 15:53:25 Loaded file C:\PROGRAM FILES\ORCAD\LAYOUT\data\template.imp
Sat Nov 11 15:53:26 Loaded file C:\PROGRAM FILES\ORCAD\LAYOUT\data\template.imp
Sat Nov 11 15:53:26 Loaded file C:\PROGRAM FILES\ORCAD\LAYOUT\data\template.imp
Sat Nov 11 15:53:27 Loaded file C:\PROGRAM FILES\ORCAD\LAYOUT\data\template.imp
Sat Nov 11 15:53:27 Loaded file C:\PROGRAM FILES\ORCAD\LAYOUT\data\template.imp
Sat Nov 11 15:53:28 Loaded file C:\PROGRAM FILES\ORCAD\LAYOUT\LIBRARY\DKR.LLB
Sat Nov 11 15:53:28 Saved as file K:\DLC\ORCAD NEW VERSION\NEW VERSION.MAX
Sat Nov 11 15:53:28 Loaded file K:\DLC\ORCAD NEW VERSION\NEW VERSION.MAX
Sat Nov 11 15:54:28 Saved as file ~undo.max
Sat Nov 11 15:54:47 Saved as file ~undo.max
Sat Nov 11 15:55:42 Saved as file BACKUP1.MAX
Sat Nov 11 15:55:42 Saved as file K:\DLC\ORCAD NEW VERSION\NEW VERSION.MAX
Sat Nov 11 15:55:42 UserDiv from Layout.INI for AutoECO: 60
Sat Nov 11 15:55:42 Loaded file K:\DLC\ORCAD NEW VERSION\NEW VERSION.MAX
Sat Nov 11 15:55:42 Loaded file C:\PROGRAM FILES\ORCAD\LAYOUT\LIBRARY\DKR.LLB
Sat Nov 11 15:55:42 Loaded file C:\PROGRAM FILES\ORCAD\LAYOUT\LIBRARY\DKR1.LLB
Sat Nov 11 15:55:42 Loaded file C:\PROGRAM FILES\ORCAD\LAYOUT\LIBRARY\DKR-1.LLB
Sat Nov 11 15:55:42 Loaded file C:\PROGRAM FILES\ORCAD\LAYOUT\LIBRARY\DKR2.LLB
Sat Nov 11 15:55:42 Loaded file C:\PROGRAM FILES\ORCAD\LAYOUT\library\BCON100T.llb
Sat Nov 11 15:55:42 Loaded file C:\PROGRAM FILES\ORCAD\LAYOUT\library\BCON156T.llb
Sat Nov 11 15:55:42 Loaded file C:\PROGRAM FILES\ORCAD\LAYOUT\library\BGA.llb
Sat Nov 11 15:55:42 Loaded file C:\PROGRAM FILES\ORCAD\LAYOUT\library\CLCC.llb
Sat Nov 11 15:55:42 Loaded file C:\PROGRAM FILES\ORCAD\LAYOUT\library\DCON050T.llb
Sat Nov 11 15:55:42 Loaded file C:\PROGRAM FILES\ORCAD\LAYOUT\library\DCON085T.llb
Sat Nov 11 15:55:42 Loaded file C:\PROGRAM FILES\ORCAD\LAYOUT\library\DIMM050F.llb
Sat Nov 11 15:55:42 Loaded file C:\PROGRAM FILES\ORCAD\LAYOUT\library\DIMM050T.llb
Sat Nov 11 15:55:42 Loaded file C:\PROGRAM FILES\ORCAD\LAYOUT\library\DIN.llb
Sat Nov 11 15:55:42 Loaded file C:\PROGRAM FILES\ORCAD\LAYOUT\library\DIP100B.llb
Sat Nov 11 15:55:42 Loaded file C:\PROGRAM FILES\ORCAD\LAYOUT\library\DIP100T.llb
Sat Nov 11 15:55:42 Loaded file C:\PROGRAM FILES\ORCAD\LAYOUT\library\DSUBT.llb
Sat Nov 11 15:55:42 Loaded file C:\PROGRAM FILES\ORCAD\LAYOUT\library\DSUBT_HD.LLB
Sat Nov 11 15:55:42 Loaded file C:\PROGRAM FILES\ORCAD\LAYOUT\library\ECON100T.llb
Sat Nov 11 15:55:42 Loaded file C:\PROGRAM FILES\ORCAD\LAYOUT\library\FBUS.llb
Sat Nov 11 15:55:42 Loaded file C:\PROGRAM FILES\ORCAD\LAYOUT\library\ISA.llb
Sat Nov 11 15:55:42 Loaded file C:\PROGRAM FILES\ORCAD\LAYOUT\library\JUMPER.LLB
Sat Nov 11 15:55:42 Loaded file C:\PROGRAM FILES\ORCAD\LAYOUT\library\LAYOUT.llb
Sat Nov 11 15:55:42 Loaded file C:\PROGRAM FILES\ORCAD\LAYOUT\library\LCON100T.llb
Sat Nov 11 15:55:42 Loaded file C:\PROGRAM FILES\ORCAD\LAYOUT\library\PC104.llb
Sat Nov 11 15:55:42 Loaded file C:\PROGRAM FILES\ORCAD\LAYOUT\library\PCI.llb
Sat Nov 11 15:55:42 Loaded file C:\PROGRAM FILES\ORCAD\LAYOUT\library\PCON100T.llb
Sat Nov 11 15:55:42 Loaded file C:\PROGRAM FILES\ORCAD\LAYOUT\library\PCON156T.llb
Sat Nov 11 15:55:42 Loaded file C:\PROGRAM FILES\ORCAD\LAYOUT\library\PGA.llb
Sat Nov 11 15:55:42 Loaded file C:\PROGRAM FILES\ORCAD\LAYOUT\library\PLCC.llb
Sat Nov 11 15:55:42 Loaded file C:\PROGRAM FILES\ORCAD\LAYOUT\library\QUAD.llb
Sat Nov 11 15:55:42 Loaded file C:\PROGRAM FILES\ORCAD\LAYOUT\library\QUADB.llb
Sat Nov 11 15:55:42 Loaded file C:\PROGRAM FILES\ORCAD\LAYOUT\library\RELAY.llb
Sat Nov 11 15:55:42 Loaded file C:\PROGRAM FILES\ORCAD\LAYOUT\library\RF.llb
Sat Nov 11 15:55:42 Loaded file C:\PROGRAM FILES\ORCAD\LAYOUT\library\SBUS.llb
Sat Nov 11 15:55:42 Loaded file C:\PROGRAM FILES\ORCAD\LAYOUT\library\SIMM050F.llb
Sat Nov 11 15:55:42 Loaded file C:\PROGRAM FILES\ORCAD\LAYOUT\library\SIMM050T.llb
Sat Nov 11 15:55:42 Loaded file C:\PROGRAM FILES\ORCAD\LAYOUT\library\SIMM100F.llb
Sat Nov 11 15:55:42 Loaded file C:\PROGRAM FILES\ORCAD\LAYOUT\library\SIMM100T.llb
Sat Nov 11 15:55:42 Loaded file C:\PROGRAM FILES\ORCAD\LAYOUT\library\SIP.llb
Sat Nov 11 15:55:42 Loaded file C:\PROGRAM FILES\ORCAD\LAYOUT\library\SM.llb
Sat Nov 11 15:55:42 Loaded file C:\PROGRAM FILES\ORCAD\LAYOUT\library\SOG.llb
Sat Nov 11 15:55:42 Loaded file C:\PROGRAM FILES\ORCAD\LAYOUT\library\SOJ.llb
Sat Nov 11 15:55:42 Loaded file C:\PROGRAM FILES\ORCAD\LAYOUT\library\STIFF.llb
Sat Nov 11 15:55:42 Loaded file C:\PROGRAM FILES\ORCAD\LAYOUT\library\TELE.llb
Sat Nov 11 15:55:42 Loaded file C:\PROGRAM FILES\ORCAD\LAYOUT\library\TM_AXIAL.llb
Sat Nov 11 15:55:42 Loaded file C:\PROGRAM FILES\ORCAD\LAYOUT\library\TM_CAP_P.llb
Sat Nov 11 15:55:42 Loaded file C:\PROGRAM FILES\ORCAD\LAYOUT\library\TM_CYLND.llb
Sat Nov 11 15:55:42 Loaded file C:\PROGRAM FILES\ORCAD\LAYOUT\library\TM_DIODE.llb
Sat Nov 11 15:55:42 Loaded file C:\PROGRAM FILES\ORCAD\LAYOUT\library\TM_DISC.llb
Sat Nov 11 15:55:42 Loaded file C:\PROGRAM FILES\ORCAD\LAYOUT\library\TM_RAD.llb
Sat Nov 11 15:55:42 Loaded file C:\PROGRAM FILES\ORCAD\LAYOUT\library\TO.llb
Sat Nov 11 15:55:42 Loaded file C:\PROGRAM FILES\ORCAD\LAYOUT\library\TRAINING.LLB
Sat Nov 11 15:55:42 Loaded file C:\PROGRAM FILES\ORCAD\LAYOUT\library\VRES.llb
Sat Nov 11 15:55:42 Loaded file C:\PROGRAM FILES\ORCAD\LAYOUT\library\WCON100T.llb
Sat Nov 11 15:55:42 Loaded file C:\PROGRAM FILES\ORCAD\LAYOUT\library\XT.llb
Sat Nov 11 15:55:42 Loaded file C:\PROGRAM FILES\ORCAD\LAYOUT\library\ZIGZAG.llb
Sat Nov 11 15:55:42 Saved as file K:\DLC\ORCAD NEW VERSION\NEW VERSION.MAX
Sat Nov 11 15:55:44 Loaded file K:\DLC\ORCAD NEW VERSION\NEW VERSION.MAX
Sat Nov 11 15:57:07 Saved as file ~undo.max
Sat Nov 11 15:58:05 Saved as file BACKUP1.MAX
Sat Nov 11 15:58:07 Saved as file ~undo.max
Sat Nov 11 15:58:31 Saved as file ~undo.max
Sat Nov 11 15:59:42 Saved as file ~undo.max
Sat Nov 11 16:00:04 Saved as file ~undo.max
Sat Nov 11 16:00:15 Saved as file ~undo.max
Sat Nov 11 16:01:51 Saved as file K:\DLC\ORCAD NEW VERSION\NEW VERSION.MAX
Sat Nov 11 16:02:33 Saved as file K:\DLC\ORCAD NEW VERSION\NEW VERSION.MAX
Sat Nov 11 16:02:53 Saved as file ~undo.max
Sat Nov 11 16:04:01 Saved as file ~undo.max
Sat Nov 11 16:08:32 Saved as file BACKUP1.MAX
Sat Nov 11 16:08:32 Saved as file K:\DLC\ORCAD NEW VERSION\NEW VERSION.MAX
Sat Nov 11 16:08:32 UserDiv from Layout.INI for AutoECO: 60
Sat Nov 11 16:08:32 Loaded file K:\DLC\ORCAD NEW VERSION\NEW VERSION.MAX
Sat Nov 11 16:08:32 Loaded file C:\PROGRAM FILES\ORCAD\LAYOUT\LIBRARY\DKR.LLB
Sat Nov 11 16:08:32 Loaded file C:\PROGRAM FILES\ORCAD\LAYOUT\LIBRARY\DKR1.LLB
Sat Nov 11 16:08:32 Loaded file C:\PROGRAM FILES\ORCAD\LAYOUT\LIBRARY\DKR-1.LLB
Sat Nov 11 16:08:32 Loaded file C:\PROGRAM FILES\ORCAD\LAYOUT\LIBRARY\DKR2.LLB
Sat Nov 11 16:08:32 Loaded file C:\PROGRAM FILES\ORCAD\LAYOUT\library\BCON100T.llb
Sat Nov 11 16:08:32 Loaded file C:\PROGRAM FILES\ORCAD\LAYOUT\library\BCON156T.llb
Sat Nov 11 16:08:32 Loaded file C:\PROGRAM FILES\ORCAD\LAYOUT\library\BGA.llb
Sat Nov 11 16:08:32 Loaded file C:\PROGRAM FILES\ORCAD\LAYOUT\library\CLCC.llb
Sat Nov 11 16:08:32 Loaded file C:\PROGRAM FILES\ORCAD\LAYOUT\library\DCON050T.llb
Sat Nov 11 16:08:32 Loaded file C:\PROGRAM FILES\ORCAD\LAYOUT\library\DCON085T.llb
Sat Nov 11 16:08:32 Loaded file C:\PROGRAM FILES\ORCAD\LAYOUT\library\DIMM050F.llb
Sat Nov 11 16:08:32 Loaded file C:\PROGRAM FILES\ORCAD\LAYOUT\library\DIMM050T.llb
Sat Nov 11 16:08:32 Loaded file C:\PROGRAM FILES\ORCAD\LAYOUT\library\DIN.llb
Sat Nov 11 16:08:32 Loaded file C:\PROGRAM FILES\ORCAD\LAYOUT\library\DIP100B.llb
Sat Nov 11 16:08:32 Loaded file C:\PROGRAM FILES\ORCAD\LAYOUT\library\DIP100T.llb
Sat Nov 11 16:08:32 Loaded file C:\PROGRAM FILES\ORCAD\LAYOUT\library\DSUBT.llb
Sat Nov 11 16:08:32 Loaded file C:\PROGRAM FILES\ORCAD\LAYOUT\library\DSUBT_HD.LLB
Sat Nov 11 16:08:32 Loaded file C:\PROGRAM FILES\ORCAD\LAYOUT\library\ECON100T.llb
Sat Nov 11 16:08:32 Loaded file C:\PROGRAM FILES\ORCAD\LAYOUT\library\FBUS.llb
Sat Nov 11 16:08:32 Loaded file C:\PROGRAM FILES\ORCAD\LAYOUT\library\ISA.llb
Sat Nov 11 16:08:32 Loaded file C:\PROGRAM FILES\ORCAD\LAYOUT\library\JUMPER.LLB
Sat Nov 11 16:08:32 Loaded file C:\PROGRAM FILES\ORCAD\LAYOUT\library\LAYOUT.llb
Sat Nov 11 16:08:32 Loaded file C:\PROGRAM FILES\ORCAD\LAYOUT\library\LCON100T.llb
Sat Nov 11 16:08:32 Loaded file C:\PROGRAM FILES\ORCAD\LAYOUT\library\PC104.llb
Sat Nov 11 16:08:32 Loaded file C:\PROGRAM FILES\ORCAD\LAYOUT\library\PCI.llb
Sat Nov 11 16:08:32 Loaded file C:\PROGRAM FILES\ORCAD\LAYOUT\library\PCON100T.llb
Sat Nov 11 16:08:32 Loaded file C:\PROGRAM FILES\ORCAD\LAYOUT\library\PCON156T.llb
Sat Nov 11 16:08:32 Loaded file C:\PROGRAM FILES\ORCAD\LAYOUT\library\PGA.llb
Sat Nov 11 16:08:32 Loaded file C:\PROGRAM FILES\ORCAD\LAYOUT\library\PLCC.llb
Sat Nov 11 16:08:32 Loaded file C:\PROGRAM FILES\ORCAD\LAYOUT\library\QUAD.llb
Sat Nov 11 16:08:32 Loaded file C:\PROGRAM FILES\ORCAD\LAYOUT\library\QUADB.llb
Sat Nov 11 16:08:32 Loaded file C:\PROGRAM FILES\ORCAD\LAYOUT\library\RELAY.llb
Sat Nov 11 16:08:32 Loaded file C:\PROGRAM FILES\ORCAD\LAYOUT\library\RF.llb
Sat Nov 11 16:08:32 Loaded file C:\PROGRAM FILES\ORCAD\LAYOUT\library\SBUS.llb
Sat Nov 11 16:08:32 Loaded file C:\PROGRAM FILES\ORCAD\LAYOUT\library\SIMM050F.llb
Sat Nov 11 16:08:32 Loaded file C:\PROGRAM FILES\ORCAD\LAYOUT\library\SIMM050T.llb
Sat Nov 11 16:08:32 Loaded file C:\PROGRAM FILES\ORCAD\LAYOUT\library\SIMM100F.llb
Sat Nov 11 16:08:32 Loaded file C:\PROGRAM FILES\ORCAD\LAYOUT\library\SIMM100T.llb
Sat Nov 11 16:08:32 Loaded file C:\PROGRAM FILES\ORCAD\LAYOUT\library\SIP.llb
Sat Nov 11 16:08:32 Loaded file C:\PROGRAM FILES\ORCAD\LAYOUT\library\SM.llb
Sat Nov 11 16:08:32 Loaded file C:\PROGRAM FILES\ORCAD\LAYOUT\library\SOG.llb
Sat Nov 11 16:08:32 Loaded file C:\PROGRAM FILES\ORCAD\LAYOUT\library\SOJ.llb
Sat Nov 11 16:08:32 Loaded file C:\PROGRAM FILES\ORCAD\LAYOUT\library\STIFF.llb
Sat Nov 11 16:08:32 Loaded file C:\PROGRAM FILES\ORCAD\LAYOUT\library\TELE.llb
Sat Nov 11 16:08:32 Loaded file C:\PROGRAM FILES\ORCAD\LAYOUT\library\TM_AXIAL.llb
Sat Nov 11 16:08:32 Loaded file C:\PROGRAM FILES\ORCAD\LAYOUT\library\TM_CAP_P.llb
Sat Nov 11 16:08:32 Loaded file C:\PROGRAM FILES\ORCAD\LAYOUT\library\TM_CYLND.llb
Sat Nov 11 16:08:32 Loaded file C:\PROGRAM FILES\ORCAD\LAYOUT\library\TM_DIODE.llb
Sat Nov 11 16:08:32 Loaded file C:\PROGRAM FILES\ORCAD\LAYOUT\library\TM_DISC.llb
Sat Nov 11 16:08:32 Loaded file C:\PROGRAM FILES\ORCAD\LAYOUT\library\TM_RAD.llb
Sat Nov 11 16:08:32 Loaded file C:\PROGRAM FILES\ORCAD\LAYOUT\library\TO.llb
Sat Nov 11 16:08:32 Loaded file C:\PROGRAM FILES\ORCAD\LAYOUT\library\TRAINING.LLB
Sat Nov 11 16:08:32 Loaded file C:\PROGRAM FILES\ORCAD\LAYOUT\library\VRES.llb
Sat Nov 11 16:08:32 Loaded file C:\PROGRAM FILES\ORCAD\LAYOUT\library\WCON100T.llb
Sat Nov 11 16:08:32 Loaded file C:\PROGRAM FILES\ORCAD\LAYOUT\library\XT.llb
Sat Nov 11 16:08:32 Loaded file C:\PROGRAM FILES\ORCAD\LAYOUT\library\ZIGZAG.llb
Sat Nov 11 16:08:33 Saved as file K:\DLC\ORCAD NEW VERSION\NEW VERSION.MAX
Sat Nov 11 16:08:33 Loaded file K:\DLC\ORCAD NEW VERSION\NEW VERSION.MAX
Sat Nov 11 16:08:34 Saved as file BACKUP1.MAX
Sat Nov 11 16:08:53 Saved as file ~undo.max
Sat Nov 11 16:09:41 Saved as file ~undo.max
Sat Nov 11 16:10:11 Saved as file ~undo.max
Sat Nov 11 16:10:37 Saved as file K:\DLC\ORCAD NEW VERSION\NEW VERSION.MAX
Sat Nov 11 16:11:16 Saved as file K:\DLC\ORCAD NEW VERSION\NEW VERSION.MAX
Sat Nov 11 16:14:20 Saved as file ~undo.max
Sat Nov 11 16:16:18 Saved as file ~undo.max
Sat Nov 11 16:16:25 Saved as file ~undo.max
Sat Nov 11 16:17:10 Saved as file ~undo.max
Sat Nov 11 16:17:46 Saved as file ~undo.max
Sat Nov 11 16:17:55 Saved as file ~undo.max
Sat Nov 11 16:18:55 Saved as file ~undo.max
Sat Nov 11 16:19:32 Saved as file ~undo.max
Sat Nov 11 16:19:34 Saved as file BACKUP1.MAX
Sat Nov 11 16:20:52 Saved as file ~undo.max
Sat Nov 11 16:22:54 Saved as file ~undo.max
Sat Nov 11 16:23:47 Saved as file ~undo.max
Sat Nov 11 16:24:39 Saved as file ~undo.max
Sat Nov 11 16:25:54 Saved as file ~undo.max
Sat Nov 11 16:26:37 Saved as file ~undo.max
Sat Nov 11 16:27:58 Saved as file ~undo.max
Sat Nov 11 16:30:04 Saved as file BACKUP1.MAX
Sat Nov 11 16:31:00 Saved as file BACKUP1.MAX
Sat Nov 11 16:31:00 Saved as file K:\DLC\ORCAD NEW VERSION\NEW VERSION.MAX
Sat Nov 11 16:31:00 UserDiv from Layout.INI for AutoECO: 60
Sat Nov 11 16:31:00 Loaded file K:\DLC\ORCAD NEW VERSION\NEW VERSION.MAX
Sat Nov 11 16:31:00 Loaded file C:\PROGRAM FILES\ORCAD\LAYOUT\LIBRARY\DKR.LLB
Sat Nov 11 16:31:00 Loaded file C:\PROGRAM FILES\ORCAD\LAYOUT\LIBRARY\DKR1.LLB
Sat Nov 11 16:31:00 Loaded file C:\PROGRAM FILES\ORCAD\LAYOUT\LIBRARY\DKR-1.LLB
Sat Nov 11 16:31:00 Loaded file C:\PROGRAM FILES\ORCAD\LAYOUT\LIBRARY\DKR2.LLB
Sat Nov 11 16:31:00 Loaded file C:\PROGRAM FILES\ORCAD\LAYOUT\library\BCON100T.llb
Sat Nov 11 16:31:00 Loaded file C:\PROGRAM FILES\ORCAD\LAYOUT\library\BCON156T.llb
Sat Nov 11 16:31:00 Loaded file C:\PROGRAM FILES\ORCAD\LAYOUT\library\BGA.llb
Sat Nov 11 16:31:00 Loaded file C:\PROGRAM FILES\ORCAD\LAYOUT\library\CLCC.llb
Sat Nov 11 16:31:00 Loaded file C:\PROGRAM FILES\ORCAD\LAYOUT\library\DCON050T.llb
Sat Nov 11 16:31:00 Loaded file C:\PROGRAM FILES\ORCAD\LAYOUT\library\DCON085T.llb
Sat Nov 11 16:31:00 Loaded file C:\PROGRAM FILES\ORCAD\LAYOUT\library\DIMM050F.llb
Sat Nov 11 16:31:00 Loaded file C:\PROGRAM FILES\ORCAD\LAYOUT\library\DIMM050T.llb
Sat Nov 11 16:31:00 Loaded file C:\PROGRAM FILES\ORCAD\LAYOUT\library\DIN.llb
Sat Nov 11 16:31:00 Loaded file C:\PROGRAM FILES\ORCAD\LAYOUT\library\DIP100B.llb
Sat Nov 11 16:31:00 Loaded file C:\PROGRAM FILES\ORCAD\LAYOUT\library\DIP100T.llb
Sat Nov 11 16:31:01 Loaded file C:\PROGRAM FILES\ORCAD\LAYOUT\library\DSUBT.llb
Sat Nov 11 16:31:01 Loaded file C:\PROGRAM FILES\ORCAD\LAYOUT\library\DSUBT_HD.LLB
Sat Nov 11 16:31:01 Loaded file C:\PROGRAM FILES\ORCAD\LAYOUT\library\ECON100T.llb
Sat Nov 11 16:31:01 Loaded file C:\PROGRAM FILES\ORCAD\LAYOUT\library\FBUS.llb
Sat Nov 11 16:31:01 Loaded file C:\PROGRAM FILES\ORCAD\LAYOUT\library\ISA.llb
Sat Nov 11 16:31:01 Loaded file C:\PROGRAM FILES\ORCAD\LAYOUT\library\JUMPER.LLB
Sat Nov 11 16:31:01 Loaded file C:\PROGRAM FILES\ORCAD\LAYOUT\library\LAYOUT.llb
Sat Nov 11 16:31:01 Loaded file C:\PROGRAM FILES\ORCAD\LAYOUT\library\LCON100T.llb
Sat Nov 11 16:31:01 Loaded file C:\PROGRAM FILES\ORCAD\LAYOUT\library\PC104.llb
Sat Nov 11 16:31:01 Loaded file C:\PROGRAM FILES\ORCAD\LAYOUT\library\PCI.llb
Sat Nov 11 16:31:01 Loaded file C:\PROGRAM FILES\ORCAD\LAYOUT\library\PCON100T.llb
Sat Nov 11 16:31:01 Loaded file C:\PROGRAM FILES\ORCAD\LAYOUT\library\PCON156T.llb
Sat Nov 11 16:31:01 Loaded file C:\PROGRAM FILES\ORCAD\LAYOUT\library\PGA.llb
Sat Nov 11 16:31:01 Loaded file C:\PROGRAM FILES\ORCAD\LAYOUT\library\PLCC.llb
Sat Nov 11 16:31:01 Loaded file C:\PROGRAM FILES\ORCAD\LAYOUT\library\QUAD.llb
Sat Nov 11 16:31:01 Loaded file C:\PROGRAM FILES\ORCAD\LAYOUT\library\QUADB.llb
Sat Nov 11 16:31:01 Loaded file C:\PROGRAM FILES\ORCAD\LAYOUT\library\RELAY.llb
Sat Nov 11 16:31:01 Loaded file C:\PROGRAM FILES\ORCAD\LAYOUT\library\RF.llb
Sat Nov 11 16:31:01 Loaded file C:\PROGRAM FILES\ORCAD\LAYOUT\library\SBUS.llb
Sat Nov 11 16:31:01 Loaded file C:\PROGRAM FILES\ORCAD\LAYOUT\library\SIMM050F.llb
Sat Nov 11 16:31:01 Loaded file C:\PROGRAM FILES\ORCAD\LAYOUT\library\SIMM050T.llb
Sat Nov 11 16:31:01 Loaded file C:\PROGRAM FILES\ORCAD\LAYOUT\library\SIMM100F.llb
Sat Nov 11 16:31:01 Loaded file C:\PROGRAM FILES\ORCAD\LAYOUT\library\SIMM100T.llb
Sat Nov 11 16:31:01 Loaded file C:\PROGRAM FILES\ORCAD\LAYOUT\library\SIP.llb
Sat Nov 11 16:31:01 Loaded file C:\PROGRAM FILES\ORCAD\LAYOUT\library\SM.llb
Sat Nov 11 16:31:01 Loaded file C:\PROGRAM FILES\ORCAD\LAYOUT\library\SOG.llb
Sat Nov 11 16:31:01 Loaded file C:\PROGRAM FILES\ORCAD\LAYOUT\library\SOJ.llb
Sat Nov 11 16:31:01 Loaded file C:\PROGRAM FILES\ORCAD\LAYOUT\library\STIFF.llb
Sat Nov 11 16:31:01 Loaded file C:\PROGRAM FILES\ORCAD\LAYOUT\library\TELE.llb
Sat Nov 11 16:31:01 Loaded file C:\PROGRAM FILES\ORCAD\LAYOUT\library\TM_AXIAL.llb
Sat Nov 11 16:31:01 Loaded file C:\PROGRAM FILES\ORCAD\LAYOUT\library\TM_CAP_P.llb
Sat Nov 11 16:31:01 Loaded file C:\PROGRAM FILES\ORCAD\LAYOUT\library\TM_CYLND.llb
Sat Nov 11 16:31:01 Loaded file C:\PROGRAM FILES\ORCAD\LAYOUT\library\TM_DIODE.llb
Sat Nov 11 16:31:01 Loaded file C:\PROGRAM FILES\ORCAD\LAYOUT\library\TM_DISC.llb
Sat Nov 11 16:31:01 Loaded file C:\PROGRAM FILES\ORCAD\LAYOUT\library\TM_RAD.llb
Sat Nov 11 16:31:01 Loaded file C:\PROGRAM FILES\ORCAD\LAYOUT\library\TO.llb
Sat Nov 11 16:31:01 Loaded file C:\PROGRAM FILES\ORCAD\LAYOUT\library\TRAINING.LLB
Sat Nov 11 16:31:01 Loaded file C:\PROGRAM FILES\ORCAD\LAYOUT\library\VRES.llb
Sat Nov 11 16:31:01 Loaded file C:\PROGRAM FILES\ORCAD\LAYOUT\library\WCON100T.llb
Sat Nov 11 16:31:01 Loaded file C:\PROGRAM FILES\ORCAD\LAYOUT\library\XT.llb
Sat Nov 11 16:31:01 Loaded file C:\PROGRAM FILES\ORCAD\LAYOUT\library\ZIGZAG.llb
Sat Nov 11 16:31:01 Saved as file K:\DLC\ORCAD NEW VERSION\NEW VERSION.MAX
Sat Nov 11 16:31:01 Loaded file K:\DLC\ORCAD NEW VERSION\NEW VERSION.MAX
Sat Nov 11 16:32:45 Saved as file K:\DLC\ORCAD NEW VERSION\NEW VERSION.MAX
Sat Nov 11 16:33:18 Saved as file ~undo.max
Sat Nov 11 16:35:13 Saved as file BACKUP1.MAX
Sat Nov 11 16:35:13 Saved as file K:\DLC\ORCAD NEW VERSION\NEW VERSION.MAX
Sat Nov 11 16:35:13 UserDiv from Layout.INI for AutoECO: 60
Sat Nov 11 16:35:13 Loaded file K:\DLC\ORCAD NEW VERSION\NEW VERSION.MAX
Sat Nov 11 16:35:13 Loaded file C:\PROGRAM FILES\ORCAD\LAYOUT\LIBRARY\DKR.LLB
Sat Nov 11 16:35:13 Loaded file C:\PROGRAM FILES\ORCAD\LAYOUT\LIBRARY\DKR1.LLB
Sat Nov 11 16:35:13 Loaded file C:\PROGRAM FILES\ORCAD\LAYOUT\LIBRARY\DKR-1.LLB
Sat Nov 11 16:35:13 Loaded file C:\PROGRAM FILES\ORCAD\LAYOUT\LIBRARY\DKR2.LLB
Sat Nov 11 16:35:13 Loaded file C:\PROGRAM FILES\ORCAD\LAYOUT\library\BCON100T.llb
Sat Nov 11 16:35:13 Loaded file C:\PROGRAM FILES\ORCAD\LAYOUT\library\BCON156T.llb
Sat Nov 11 16:35:13 Loaded file C:\PROGRAM FILES\ORCAD\LAYOUT\library\BGA.llb
Sat Nov 11 16:35:13 Loaded file C:\PROGRAM FILES\ORCAD\LAYOUT\library\CLCC.llb
Sat Nov 11 16:35:13 Loaded file C:\PROGRAM FILES\ORCAD\LAYOUT\library\DCON050T.llb
Sat Nov 11 16:35:13 Loaded file C:\PROGRAM FILES\ORCAD\LAYOUT\library\DCON085T.llb
Sat Nov 11 16:35:13 Loaded file C:\PROGRAM FILES\ORCAD\LAYOUT\library\DIMM050F.llb
Sat Nov 11 16:35:13 Loaded file C:\PROGRAM FILES\ORCAD\LAYOUT\library\DIMM050T.llb
Sat Nov 11 16:35:13 Loaded file C:\PROGRAM FILES\ORCAD\LAYOUT\library\DIN.llb
Sat Nov 11 16:35:13 Loaded file C:\PROGRAM FILES\ORCAD\LAYOUT\library\DIP100B.llb
Sat Nov 11 16:35:13 Loaded file C:\PROGRAM FILES\ORCAD\LAYOUT\library\DIP100T.llb
Sat Nov 11 16:35:13 Loaded file C:\PROGRAM FILES\ORCAD\LAYOUT\library\DSUBT.llb
Sat Nov 11 16:35:13 Loaded file C:\PROGRAM FILES\ORCAD\LAYOUT\library\DSUBT_HD.LLB
Sat Nov 11 16:35:13 Loaded file C:\PROGRAM FILES\ORCAD\LAYOUT\library\ECON100T.llb
Sat Nov 11 16:35:13 Loaded file C:\PROGRAM FILES\ORCAD\LAYOUT\library\FBUS.llb
Sat Nov 11 16:35:13 Loaded file C:\PROGRAM FILES\ORCAD\LAYOUT\library\ISA.llb
Sat Nov 11 16:35:13 Loaded file C:\PROGRAM FILES\ORCAD\LAYOUT\library\JUMPER.LLB
Sat Nov 11 16:35:13 Loaded file C:\PROGRAM FILES\ORCAD\LAYOUT\library\LAYOUT.llb
Sat Nov 11 16:35:13 Loaded file C:\PROGRAM FILES\ORCAD\LAYOUT\library\LCON100T.llb
Sat Nov 11 16:35:13 Loaded file C:\PROGRAM FILES\ORCAD\LAYOUT\library\PC104.llb
Sat Nov 11 16:35:13 Loaded file C:\PROGRAM FILES\ORCAD\LAYOUT\library\PCI.llb
Sat Nov 11 16:35:13 Loaded file C:\PROGRAM FILES\ORCAD\LAYOUT\library\PCON100T.llb
Sat Nov 11 16:35:13 Loaded file C:\PROGRAM FILES\ORCAD\LAYOUT\library\PCON156T.llb
Sat Nov 11 16:35:13 Loaded file C:\PROGRAM FILES\ORCAD\LAYOUT\library\PGA.llb
Sat Nov 11 16:35:13 Loaded file C:\PROGRAM FILES\ORCAD\LAYOUT\library\PLCC.llb
Sat Nov 11 16:35:13 Loaded file C:\PROGRAM FILES\ORCAD\LAYOUT\library\QUAD.llb
Sat Nov 11 16:35:13 Loaded file C:\PROGRAM FILES\ORCAD\LAYOUT\library\QUADB.llb
Sat Nov 11 16:35:13 Loaded file C:\PROGRAM FILES\ORCAD\LAYOUT\library\RELAY.llb
Sat Nov 11 16:35:13 Loaded file C:\PROGRAM FILES\ORCAD\LAYOUT\library\RF.llb
Sat Nov 11 16:35:13 Loaded file C:\PROGRAM FILES\ORCAD\LAYOUT\library\SBUS.llb
Sat Nov 11 16:35:13 Loaded file C:\PROGRAM FILES\ORCAD\LAYOUT\library\SIMM050F.llb
Sat Nov 11 16:35:13 Loaded file C:\PROGRAM FILES\ORCAD\LAYOUT\library\SIMM050T.llb
Sat Nov 11 16:35:13 Loaded file C:\PROGRAM FILES\ORCAD\LAYOUT\library\SIMM100F.llb
Sat Nov 11 16:35:13 Loaded file C:\PROGRAM FILES\ORCAD\LAYOUT\library\SIMM100T.llb
Sat Nov 11 16:35:13 Loaded file C:\PROGRAM FILES\ORCAD\LAYOUT\library\SIP.llb
Sat Nov 11 16:35:13 Loaded file C:\PROGRAM FILES\ORCAD\LAYOUT\library\SM.llb
Sat Nov 11 16:35:13 Loaded file C:\PROGRAM FILES\ORCAD\LAYOUT\library\SOG.llb
Sat Nov 11 16:35:13 Loaded file C:\PROGRAM FILES\ORCAD\LAYOUT\library\SOJ.llb
Sat Nov 11 16:35:13 Loaded file C:\PROGRAM FILES\ORCAD\LAYOUT\library\STIFF.llb
Sat Nov 11 16:35:13 Loaded file C:\PROGRAM FILES\ORCAD\LAYOUT\library\TELE.llb
Sat Nov 11 16:35:13 Loaded file C:\PROGRAM FILES\ORCAD\LAYOUT\library\TM_AXIAL.llb
Sat Nov 11 16:35:13 Loaded file C:\PROGRAM FILES\ORCAD\LAYOUT\library\TM_CAP_P.llb
Sat Nov 11 16:35:14 Loaded file C:\PROGRAM FILES\ORCAD\LAYOUT\library\TM_CYLND.llb
Sat Nov 11 16:35:14 Loaded file C:\PROGRAM FILES\ORCAD\LAYOUT\library\TM_DIODE.llb
Sat Nov 11 16:35:14 Loaded file C:\PROGRAM FILES\ORCAD\LAYOUT\library\TM_DISC.llb
Sat Nov 11 16:35:14 Loaded file C:\PROGRAM FILES\ORCAD\LAYOUT\library\TM_RAD.llb
Sat Nov 11 16:35:14 Loaded file C:\PROGRAM FILES\ORCAD\LAYOUT\library\TO.llb
Sat Nov 11 16:35:14 Loaded file C:\PROGRAM FILES\ORCAD\LAYOUT\library\TRAINING.LLB
Sat Nov 11 16:35:14 Loaded file C:\PROGRAM FILES\ORCAD\LAYOUT\library\VRES.llb
Sat Nov 11 16:35:14 Loaded file C:\PROGRAM FILES\ORCAD\LAYOUT\library\WCON100T.llb
Sat Nov 11 16:35:14 Loaded file C:\PROGRAM FILES\ORCAD\LAYOUT\library\XT.llb
Sat Nov 11 16:35:14 Loaded file C:\PROGRAM FILES\ORCAD\LAYOUT\library\ZIGZAG.llb
Sat Nov 11 16:35:14 Saved as file K:\DLC\ORCAD NEW VERSION\NEW VERSION.MAX
Sat Nov 11 16:35:15 Loaded file K:\DLC\ORCAD NEW VERSION\NEW VERSION.MAX
Sat Nov 11 16:35:45 Saved as file ~undo.max
Sat Nov 11 16:36:45 Saved as file ~undo.max
Sat Nov 11 16:38:13 Saved as file BACKUP1.MAX
Sat Nov 11 16:38:13 Saved as file K:\DLC\ORCAD NEW VERSION\NEW VERSION.MAX
Sat Nov 11 16:38:14 UserDiv from Layout.INI for AutoECO: 60
Sat Nov 11 16:38:14 Loaded file K:\DLC\ORCAD NEW VERSION\NEW VERSION.MAX
Sat Nov 11 16:38:14 Loaded file C:\PROGRAM FILES\ORCAD\LAYOUT\LIBRARY\DKR.LLB
Sat Nov 11 16:38:14 Loaded file C:\PROGRAM FILES\ORCAD\LAYOUT\LIBRARY\DKR1.LLB
Sat Nov 11 16:38:14 Loaded file C:\PROGRAM FILES\ORCAD\LAYOUT\LIBRARY\DKR-1.LLB
Sat Nov 11 16:38:14 Loaded file C:\PROGRAM FILES\ORCAD\LAYOUT\LIBRARY\DKR2.LLB
Sat Nov 11 16:38:14 Loaded file C:\PROGRAM FILES\ORCAD\LAYOUT\library\BCON100T.llb
Sat Nov 11 16:38:14 Loaded file C:\PROGRAM FILES\ORCAD\LAYOUT\library\BCON156T.llb
Sat Nov 11 16:38:14 Loaded file C:\PROGRAM FILES\ORCAD\LAYOUT\library\BGA.llb
Sat Nov 11 16:38:14 Loaded file C:\PROGRAM FILES\ORCAD\LAYOUT\library\CLCC.llb
Sat Nov 11 16:38:14 Loaded file C:\PROGRAM FILES\ORCAD\LAYOUT\library\DCON050T.llb
Sat Nov 11 16:38:14 Loaded file C:\PROGRAM FILES\ORCAD\LAYOUT\library\DCON085T.llb
Sat Nov 11 16:38:14 Loaded file C:\PROGRAM FILES\ORCAD\LAYOUT\library\DIMM050F.llb
Sat Nov 11 16:38:14 Loaded file C:\PROGRAM FILES\ORCAD\LAYOUT\library\DIMM050T.llb
Sat Nov 11 16:38:14 Loaded file C:\PROGRAM FILES\ORCAD\LAYOUT\library\DIN.llb
Sat Nov 11 16:38:14 Loaded file C:\PROGRAM FILES\ORCAD\LAYOUT\library\DIP100B.llb
Sat Nov 11 16:38:14 Loaded file C:\PROGRAM FILES\ORCAD\LAYOUT\library\DIP100T.llb
Sat Nov 11 16:38:14 Loaded file C:\PROGRAM FILES\ORCAD\LAYOUT\library\DSUBT.llb
Sat Nov 11 16:38:14 Loaded file C:\PROGRAM FILES\ORCAD\LAYOUT\library\DSUBT_HD.LLB
Sat Nov 11 16:38:14 Loaded file C:\PROGRAM FILES\ORCAD\LAYOUT\library\ECON100T.llb
Sat Nov 11 16:38:14 Loaded file C:\PROGRAM FILES\ORCAD\LAYOUT\library\FBUS.llb
Sat Nov 11 16:38:14 Loaded file C:\PROGRAM FILES\ORCAD\LAYOUT\library\ISA.llb
Sat Nov 11 16:38:14 Loaded file C:\PROGRAM FILES\ORCAD\LAYOUT\library\JUMPER.LLB
Sat Nov 11 16:38:14 Loaded file C:\PROGRAM FILES\ORCAD\LAYOUT\library\LAYOUT.llb
Sat Nov 11 16:38:14 Loaded file C:\PROGRAM FILES\ORCAD\LAYOUT\library\LCON100T.llb
Sat Nov 11 16:38:14 Loaded file C:\PROGRAM FILES\ORCAD\LAYOUT\library\PC104.llb
Sat Nov 11 16:38:14 Loaded file C:\PROGRAM FILES\ORCAD\LAYOUT\library\PCI.llb
Sat Nov 11 16:38:14 Loaded file C:\PROGRAM FILES\ORCAD\LAYOUT\library\PCON100T.llb
Sat Nov 11 16:38:14 Loaded file C:\PROGRAM FILES\ORCAD\LAYOUT\library\PCON156T.llb
Sat Nov 11 16:38:14 Loaded file C:\PROGRAM FILES\ORCAD\LAYOUT\library\PGA.llb
Sat Nov 11 16:38:14 Loaded file C:\PROGRAM FILES\ORCAD\LAYOUT\library\PLCC.llb
Sat Nov 11 16:38:14 Loaded file C:\PROGRAM FILES\ORCAD\LAYOUT\library\QUAD.llb
Sat Nov 11 16:38:14 Loaded file C:\PROGRAM FILES\ORCAD\LAYOUT\library\QUADB.llb
Sat Nov 11 16:38:14 Loaded file C:\PROGRAM FILES\ORCAD\LAYOUT\library\RELAY.llb
Sat Nov 11 16:38:14 Loaded file C:\PROGRAM FILES\ORCAD\LAYOUT\library\RF.llb
Sat Nov 11 16:38:14 Loaded file C:\PROGRAM FILES\ORCAD\LAYOUT\library\SBUS.llb
Sat Nov 11 16:38:14 Loaded file C:\PROGRAM FILES\ORCAD\LAYOUT\library\SIMM050F.llb
Sat Nov 11 16:38:14 Loaded file C:\PROGRAM FILES\ORCAD\LAYOUT\library\SIMM050T.llb
Sat Nov 11 16:38:14 Loaded file C:\PROGRAM FILES\ORCAD\LAYOUT\library\SIMM100F.llb
Sat Nov 11 16:38:14 Loaded file C:\PROGRAM FILES\ORCAD\LAYOUT\library\SIMM100T.llb
Sat Nov 11 16:38:14 Loaded file C:\PROGRAM FILES\ORCAD\LAYOUT\library\SIP.llb
Sat Nov 11 16:38:14 Loaded file C:\PROGRAM FILES\ORCAD\LAYOUT\library\SM.llb
Sat Nov 11 16:38:14 Loaded file C:\PROGRAM FILES\ORCAD\LAYOUT\library\SOG.llb
Sat Nov 11 16:38:14 Loaded file C:\PROGRAM FILES\ORCAD\LAYOUT\library\SOJ.llb
Sat Nov 11 16:38:14 Loaded file C:\PROGRAM FILES\ORCAD\LAYOUT\library\STIFF.llb
Sat Nov 11 16:38:14 Loaded file C:\PROGRAM FILES\ORCAD\LAYOUT\library\TELE.llb
Sat Nov 11 16:38:14 Loaded file C:\PROGRAM FILES\ORCAD\LAYOUT\library\TM_AXIAL.llb
Sat Nov 11 16:38:14 Loaded file C:\PROGRAM FILES\ORCAD\LAYOUT\library\TM_CAP_P.llb
Sat Nov 11 16:38:14 Loaded file C:\PROGRAM FILES\ORCAD\LAYOUT\library\TM_CYLND.llb
Sat Nov 11 16:38:14 Loaded file C:\PROGRAM FILES\ORCAD\LAYOUT\library\TM_DIODE.llb
Sat Nov 11 16:38:14 Loaded file C:\PROGRAM FILES\ORCAD\LAYOUT\library\TM_DISC.llb
Sat Nov 11 16:38:14 Loaded file C:\PROGRAM FILES\ORCAD\LAYOUT\library\TM_RAD.llb
Sat Nov 11 16:38:14 Loaded file C:\PROGRAM FILES\ORCAD\LAYOUT\library\TO.llb
Sat Nov 11 16:38:14 Loaded file C:\PROGRAM FILES\ORCAD\LAYOUT\library\TRAINING.LLB
Sat Nov 11 16:38:14 Loaded file C:\PROGRAM FILES\ORCAD\LAYOUT\library\VRES.llb
Sat Nov 11 16:38:14 Loaded file C:\PROGRAM FILES\ORCAD\LAYOUT\library\WCON100T.llb
Sat Nov 11 16:38:14 Loaded file C:\PROGRAM FILES\ORCAD\LAYOUT\library\XT.llb
Sat Nov 11 16:38:14 Loaded file C:\PROGRAM FILES\ORCAD\LAYOUT\library\ZIGZAG.llb
Sat Nov 11 16:38:14 Saved as file K:\DLC\ORCAD NEW VERSION\NEW VERSION.MAX
Sat Nov 11 16:38:15 Loaded file K:\DLC\ORCAD NEW VERSION\NEW VERSION.MAX
Sat Nov 11 16:38:39 Saved as file K:\DLC\ORCAD NEW VERSION\NEW VERSION.MAX
Sat Nov 11 16:43:04 Saved as file BACKUP1.MAX
Sat Nov 11 16:51:13 Saved as file ~undo.max
Sat Nov 11 16:53:04 Saved as file BACKUP1.MAX
Sat Nov 11 16:54:12 Saved as file ~undo.max
Sat Nov 11 16:55:18 Saved as file ~undo.max
Sat Nov 11 16:56:16 Saved as file ~undo.max
Sat Nov 11 17:03:13 Saved as file ~undo.max
Sat Nov 11 17:03:34 Saved as file BACKUP1.MAX
Sat Nov 11 17:09:18 Saved as file BACKUP1.MAX
Sat Nov 11 17:09:18 Saved as file K:\DLC\ORCAD NEW VERSION\NEW VERSION.MAX
Sat Nov 11 17:09:18 UserDiv from Layout.INI for AutoECO: 60
Sat Nov 11 17:09:18 Loaded file K:\DLC\ORCAD NEW VERSION\NEW VERSION.MAX
Sat Nov 11 17:09:18 Loaded file C:\PROGRAM FILES\ORCAD\LAYOUT\LIBRARY\DKR.LLB
Sat Nov 11 17:09:18 Loaded file C:\PROGRAM FILES\ORCAD\LAYOUT\LIBRARY\DKR1.LLB
Sat Nov 11 17:09:18 Loaded file C:\PROGRAM FILES\ORCAD\LAYOUT\LIBRARY\DKR-1.LLB
Sat Nov 11 17:09:18 Loaded file C:\PROGRAM FILES\ORCAD\LAYOUT\LIBRARY\DKR2.LLB
Sat Nov 11 17:09:18 Loaded file C:\PROGRAM FILES\ORCAD\LAYOUT\library\BCON100T.llb
Sat Nov 11 17:09:18 Loaded file C:\PROGRAM FILES\ORCAD\LAYOUT\library\BCON156T.llb
Sat Nov 11 17:09:18 Loaded file C:\PROGRAM FILES\ORCAD\LAYOUT\library\BGA.llb
Sat Nov 11 17:09:18 Loaded file C:\PROGRAM FILES\ORCAD\LAYOUT\library\CLCC.llb
Sat Nov 11 17:09:18 Loaded file C:\PROGRAM FILES\ORCAD\LAYOUT\library\DCON050T.llb
Sat Nov 11 17:09:18 Loaded file C:\PROGRAM FILES\ORCAD\LAYOUT\library\DCON085T.llb
Sat Nov 11 17:09:18 Loaded file C:\PROGRAM FILES\ORCAD\LAYOUT\library\DIMM050F.llb
Sat Nov 11 17:09:18 Loaded file C:\PROGRAM FILES\ORCAD\LAYOUT\library\DIMM050T.llb
Sat Nov 11 17:09:18 Loaded file C:\PROGRAM FILES\ORCAD\LAYOUT\library\DIN.llb
Sat Nov 11 17:09:18 Loaded file C:\PROGRAM FILES\ORCAD\LAYOUT\library\DIP100B.llb
Sat Nov 11 17:09:18 Loaded file C:\PROGRAM FILES\ORCAD\LAYOUT\library\DIP100T.llb
Sat Nov 11 17:09:18 Loaded file C:\PROGRAM FILES\ORCAD\LAYOUT\library\DSUBT.llb
Sat Nov 11 17:09:18 Loaded file C:\PROGRAM FILES\ORCAD\LAYOUT\library\DSUBT_HD.LLB
Sat Nov 11 17:09:18 Loaded file C:\PROGRAM FILES\ORCAD\LAYOUT\library\ECON100T.llb
Sat Nov 11 17:09:18 Loaded file C:\PROGRAM FILES\ORCAD\LAYOUT\library\FBUS.llb
Sat Nov 11 17:09:18 Loaded file C:\PROGRAM FILES\ORCAD\LAYOUT\library\ISA.llb
Sat Nov 11 17:09:18 Loaded file C:\PROGRAM FILES\ORCAD\LAYOUT\library\JUMPER.LLB
Sat Nov 11 17:09:18 Loaded file C:\PROGRAM FILES\ORCAD\LAYOUT\library\LAYOUT.llb
Sat Nov 11 17:09:18 Loaded file C:\PROGRAM FILES\ORCAD\LAYOUT\library\LCON100T.llb
Sat Nov 11 17:09:18 Loaded file C:\PROGRAM FILES\ORCAD\LAYOUT\library\PC104.llb
Sat Nov 11 17:09:18 Loaded file C:\PROGRAM FILES\ORCAD\LAYOUT\library\PCI.llb
Sat Nov 11 17:09:18 Loaded file C:\PROGRAM FILES\ORCAD\LAYOUT\library\PCON100T.llb
Sat Nov 11 17:09:18 Loaded file C:\PROGRAM FILES\ORCAD\LAYOUT\library\PCON156T.llb
Sat Nov 11 17:09:19 Loaded file C:\PROGRAM FILES\ORCAD\LAYOUT\library\PGA.llb
Sat Nov 11 17:09:19 Loaded file C:\PROGRAM FILES\ORCAD\LAYOUT\library\PLCC.llb
Sat Nov 11 17:09:19 Loaded file C:\PROGRAM FILES\ORCAD\LAYOUT\library\QUAD.llb
Sat Nov 11 17:09:19 Loaded file C:\PROGRAM FILES\ORCAD\LAYOUT\library\QUADB.llb
Sat Nov 11 17:09:19 Loaded file C:\PROGRAM FILES\ORCAD\LAYOUT\library\RELAY.llb
Sat Nov 11 17:09:19 Loaded file C:\PROGRAM FILES\ORCAD\LAYOUT\library\RF.llb
Sat Nov 11 17:09:19 Loaded file C:\PROGRAM FILES\ORCAD\LAYOUT\library\SBUS.llb
Sat Nov 11 17:09:19 Loaded file C:\PROGRAM FILES\ORCAD\LAYOUT\library\SIMM050F.llb
Sat Nov 11 17:09:19 Loaded file C:\PROGRAM FILES\ORCAD\LAYOUT\library\SIMM050T.llb
Sat Nov 11 17:09:19 Loaded file C:\PROGRAM FILES\ORCAD\LAYOUT\library\SIMM100F.llb
Sat Nov 11 17:09:19 Loaded file C:\PROGRAM FILES\ORCAD\LAYOUT\library\SIMM100T.llb
Sat Nov 11 17:09:19 Loaded file C:\PROGRAM FILES\ORCAD\LAYOUT\library\SIP.llb
Sat Nov 11 17:09:19 Loaded file C:\PROGRAM FILES\ORCAD\LAYOUT\library\SM.llb
Sat Nov 11 17:09:19 Loaded file C:\PROGRAM FILES\ORCAD\LAYOUT\library\SOG.llb
Sat Nov 11 17:09:19 Loaded file C:\PROGRAM FILES\ORCAD\LAYOUT\library\SOJ.llb
Sat Nov 11 17:09:19 Loaded file C:\PROGRAM FILES\ORCAD\LAYOUT\library\STIFF.llb
Sat Nov 11 17:09:19 Loaded file C:\PROGRAM FILES\ORCAD\LAYOUT\library\TELE.llb
Sat Nov 11 17:09:19 Loaded file C:\PROGRAM FILES\ORCAD\LAYOUT\library\TM_AXIAL.llb
Sat Nov 11 17:09:19 Loaded file C:\PROGRAM FILES\ORCAD\LAYOUT\library\TM_CAP_P.llb
Sat Nov 11 17:09:19 Loaded file C:\PROGRAM FILES\ORCAD\LAYOUT\library\TM_CYLND.llb
Sat Nov 11 17:09:19 Loaded file C:\PROGRAM FILES\ORCAD\LAYOUT\library\TM_DIODE.llb
Sat Nov 11 17:09:19 Loaded file C:\PROGRAM FILES\ORCAD\LAYOUT\library\TM_DISC.llb
Sat Nov 11 17:09:19 Loaded file C:\PROGRAM FILES\ORCAD\LAYOUT\library\TM_RAD.llb
Sat Nov 11 17:09:19 Loaded file C:\PROGRAM FILES\ORCAD\LAYOUT\library\TO.llb
Sat Nov 11 17:09:19 Loaded file C:\PROGRAM FILES\ORCAD\LAYOUT\library\TRAINING.LLB
Sat Nov 11 17:09:19 Loaded file C:\PROGRAM FILES\ORCAD\LAYOUT\library\VRES.llb
Sat Nov 11 17:09:19 Loaded file C:\PROGRAM FILES\ORCAD\LAYOUT\library\WCON100T.llb
Sat Nov 11 17:09:19 Loaded file C:\PROGRAM FILES\ORCAD\LAYOUT\library\XT.llb
Sat Nov 11 17:09:19 Loaded file C:\PROGRAM FILES\ORCAD\LAYOUT\library\ZIGZAG.llb
Sat Nov 11 17:09:19 Saved as file K:\DLC\ORCAD NEW VERSION\NEW VERSION.MAX
Sat Nov 11 17:09:20 Loaded file K:\DLC\ORCAD NEW VERSION\NEW VERSION.MAX
Sat Nov 11 17:10:04 Saved as file ~undo.max
Sat Nov 11 17:11:22 Saved as file ~undo.max
Sat Nov 11 17:12:04 Saved as file ~undo.max
Sat Nov 11 17:13:27 Saved as file BACKUP1.MAX
Sat Nov 11 17:13:27 Saved as file K:\DLC\ORCAD NEW VERSION\NEW VERSION.MAX
Sat Nov 11 17:13:27 UserDiv from Layout.INI for AutoECO: 60
Sat Nov 11 17:13:27 Loaded file K:\DLC\ORCAD NEW VERSION\NEW VERSION.MAX
Sat Nov 11 17:13:27 Loaded file C:\PROGRAM FILES\ORCAD\LAYOUT\LIBRARY\DKR.LLB
Sat Nov 11 17:13:27 Loaded file C:\PROGRAM FILES\ORCAD\LAYOUT\LIBRARY\DKR1.LLB
Sat Nov 11 17:13:27 Loaded file C:\PROGRAM FILES\ORCAD\LAYOUT\LIBRARY\DKR-1.LLB
Sat Nov 11 17:13:27 Loaded file C:\PROGRAM FILES\ORCAD\LAYOUT\LIBRARY\DKR2.LLB
Sat Nov 11 17:13:27 Loaded file C:\PROGRAM FILES\ORCAD\LAYOUT\library\BCON100T.llb
Sat Nov 11 17:13:27 Loaded file C:\PROGRAM FILES\ORCAD\LAYOUT\library\BCON156T.llb
Sat Nov 11 17:13:27 Loaded file C:\PROGRAM FILES\ORCAD\LAYOUT\library\BGA.llb
Sat Nov 11 17:13:27 Loaded file C:\PROGRAM FILES\ORCAD\LAYOUT\library\CLCC.llb
Sat Nov 11 17:13:27 Loaded file C:\PROGRAM FILES\ORCAD\LAYOUT\library\DCON050T.llb
Sat Nov 11 17:13:27 Loaded file C:\PROGRAM FILES\ORCAD\LAYOUT\library\DCON085T.llb
Sat Nov 11 17:13:27 Loaded file C:\PROGRAM FILES\ORCAD\LAYOUT\library\DIMM050F.llb
Sat Nov 11 17:13:27 Loaded file C:\PROGRAM FILES\ORCAD\LAYOUT\library\DIMM050T.llb
Sat Nov 11 17:13:27 Loaded file C:\PROGRAM FILES\ORCAD\LAYOUT\library\DIN.llb
Sat Nov 11 17:13:27 Loaded file C:\PROGRAM FILES\ORCAD\LAYOUT\library\DIP100B.llb
Sat Nov 11 17:13:27 Loaded file C:\PROGRAM FILES\ORCAD\LAYOUT\library\DIP100T.llb
Sat Nov 11 17:13:27 Loaded file C:\PROGRAM FILES\ORCAD\LAYOUT\library\DSUBT.llb
Sat Nov 11 17:13:27 Loaded file C:\PROGRAM FILES\ORCAD\LAYOUT\library\DSUBT_HD.LLB
Sat Nov 11 17:13:27 Loaded file C:\PROGRAM FILES\ORCAD\LAYOUT\library\ECON100T.llb
Sat Nov 11 17:13:27 Loaded file C:\PROGRAM FILES\ORCAD\LAYOUT\library\FBUS.llb
Sat Nov 11 17:13:27 Loaded file C:\PROGRAM FILES\ORCAD\LAYOUT\library\ISA.llb
Sat Nov 11 17:13:27 Loaded file C:\PROGRAM FILES\ORCAD\LAYOUT\library\JUMPER.LLB
Sat Nov 11 17:13:27 Loaded file C:\PROGRAM FILES\ORCAD\LAYOUT\library\LAYOUT.llb
Sat Nov 11 17:13:27 Loaded file C:\PROGRAM FILES\ORCAD\LAYOUT\library\LCON100T.llb
Sat Nov 11 17:13:27 Loaded file C:\PROGRAM FILES\ORCAD\LAYOUT\library\PC104.llb
Sat Nov 11 17:13:27 Loaded file C:\PROGRAM FILES\ORCAD\LAYOUT\library\PCI.llb
Sat Nov 11 17:13:27 Loaded file C:\PROGRAM FILES\ORCAD\LAYOUT\library\PCON100T.llb
Sat Nov 11 17:13:27 Loaded file C:\PROGRAM FILES\ORCAD\LAYOUT\library\PCON156T.llb
Sat Nov 11 17:13:27 Loaded file C:\PROGRAM FILES\ORCAD\LAYOUT\library\PGA.llb
Sat Nov 11 17:13:27 Loaded file C:\PROGRAM FILES\ORCAD\LAYOUT\library\PLCC.llb
Sat Nov 11 17:13:27 Loaded file C:\PROGRAM FILES\ORCAD\LAYOUT\library\QUAD.llb
Sat Nov 11 17:13:27 Loaded file C:\PROGRAM FILES\ORCAD\LAYOUT\library\QUADB.llb
Sat Nov 11 17:13:27 Loaded file C:\PROGRAM FILES\ORCAD\LAYOUT\library\RELAY.llb
Sat Nov 11 17:13:27 Loaded file C:\PROGRAM FILES\ORCAD\LAYOUT\library\RF.llb
Sat Nov 11 17:13:27 Loaded file C:\PROGRAM FILES\ORCAD\LAYOUT\library\SBUS.llb
Sat Nov 11 17:13:27 Loaded file C:\PROGRAM FILES\ORCAD\LAYOUT\library\SIMM050F.llb
Sat Nov 11 17:13:27 Loaded file C:\PROGRAM FILES\ORCAD\LAYOUT\library\SIMM050T.llb
Sat Nov 11 17:13:28 Loaded file C:\PROGRAM FILES\ORCAD\LAYOUT\library\SIMM100F.llb
Sat Nov 11 17:13:28 Loaded file C:\PROGRAM FILES\ORCAD\LAYOUT\library\SIMM100T.llb
Sat Nov 11 17:13:28 Loaded file C:\PROGRAM FILES\ORCAD\LAYOUT\library\SIP.llb
Sat Nov 11 17:13:28 Loaded file C:\PROGRAM FILES\ORCAD\LAYOUT\library\SM.llb
Sat Nov 11 17:13:28 Loaded file C:\PROGRAM FILES\ORCAD\LAYOUT\library\SOG.llb
Sat Nov 11 17:13:28 Loaded file C:\PROGRAM FILES\ORCAD\LAYOUT\library\SOJ.llb
Sat Nov 11 17:13:28 Loaded file C:\PROGRAM FILES\ORCAD\LAYOUT\library\STIFF.llb
Sat Nov 11 17:13:28 Loaded file C:\PROGRAM FILES\ORCAD\LAYOUT\library\TELE.llb
Sat Nov 11 17:13:28 Loaded file C:\PROGRAM FILES\ORCAD\LAYOUT\library\TM_AXIAL.llb
Sat Nov 11 17:13:28 Loaded file C:\PROGRAM FILES\ORCAD\LAYOUT\library\TM_CAP_P.llb
Sat Nov 11 17:13:28 Loaded file C:\PROGRAM FILES\ORCAD\LAYOUT\library\TM_CYLND.llb
Sat Nov 11 17:13:28 Loaded file C:\PROGRAM FILES\ORCAD\LAYOUT\library\TM_DIODE.llb
Sat Nov 11 17:13:28 Loaded file C:\PROGRAM FILES\ORCAD\LAYOUT\library\TM_DISC.llb
Sat Nov 11 17:13:28 Loaded file C:\PROGRAM FILES\ORCAD\LAYOUT\library\TM_RAD.llb
Sat Nov 11 17:13:28 Loaded file C:\PROGRAM FILES\ORCAD\LAYOUT\library\TO.llb
Sat Nov 11 17:13:28 Loaded file C:\PROGRAM FILES\ORCAD\LAYOUT\library\TRAINING.LLB
Sat Nov 11 17:13:28 Loaded file C:\PROGRAM FILES\ORCAD\LAYOUT\library\VRES.llb
Sat Nov 11 17:13:28 Loaded file C:\PROGRAM FILES\ORCAD\LAYOUT\library\WCON100T.llb
Sat Nov 11 17:13:28 Loaded file C:\PROGRAM FILES\ORCAD\LAYOUT\library\XT.llb
Sat Nov 11 17:13:28 Loaded file C:\PROGRAM FILES\ORCAD\LAYOUT\library\ZIGZAG.llb
Sat Nov 11 17:13:28 Saved as file K:\DLC\ORCAD NEW VERSION\NEW VERSION.MAX
Sat Nov 11 17:13:28 Loaded file K:\DLC\ORCAD NEW VERSION\NEW VERSION.MAX
Sat Nov 11 17:13:53 Saved as file ~undo.max
Sat Nov 11 17:14:34 Saved as file BACKUP1.MAX
Sat Nov 11 17:14:53 Saved as file ~undo.max
Sat Nov 11 17:25:04 Saved as file BACKUP1.MAX
Sat Nov 11 17:35:34 Saved as file BACKUP1.MAX
Sat Nov 11 17:46:04 Saved as file BACKUP1.MAX
Sat Nov 11 17:56:34 Saved as file BACKUP1.MAX
Sat Nov 11 18:07:04 Saved as file BACKUP1.MAX
Sat Nov 11 18:39:35 Saved as file BACKUP1.MAX
Sat Nov 11 18:42:16 Saved as file BACKUP1.MAX
Sat Nov 11 18:42:16 Saved as file K:\DLC\ORCAD NEW VERSION\NEW VERSION.MAX
Sat Nov 11 18:42:16 UserDiv from Layout.INI for AutoECO: 60
Sat Nov 11 18:42:16 Loaded file K:\DLC\ORCAD NEW VERSION\NEW VERSION.MAX
Sat Nov 11 18:42:16 Loaded file C:\PROGRAM FILES\ORCAD\LAYOUT\LIBRARY\DKR.LLB
Sat Nov 11 18:42:16 Loaded file C:\PROGRAM FILES\ORCAD\LAYOUT\LIBRARY\DKR1.LLB
Sat Nov 11 18:42:16 Loaded file C:\PROGRAM FILES\ORCAD\LAYOUT\LIBRARY\DKR-1.LLB
Sat Nov 11 18:42:16 Loaded file C:\PROGRAM FILES\ORCAD\LAYOUT\LIBRARY\DKR2.LLB
Sat Nov 11 18:42:16 Loaded file C:\PROGRAM FILES\ORCAD\LAYOUT\library\BCON100T.llb
Sat Nov 11 18:42:16 Loaded file C:\PROGRAM FILES\ORCAD\LAYOUT\library\BCON156T.llb
Sat Nov 11 18:42:16 Loaded file C:\PROGRAM FILES\ORCAD\LAYOUT\library\BGA.llb
Sat Nov 11 18:42:16 Loaded file C:\PROGRAM FILES\ORCAD\LAYOUT\library\CLCC.llb
Sat Nov 11 18:42:16 Loaded file C:\PROGRAM FILES\ORCAD\LAYOUT\library\DCON050T.llb
Sat Nov 11 18:42:16 Loaded file C:\PROGRAM FILES\ORCAD\LAYOUT\library\DCON085T.llb
Sat Nov 11 18:42:16 Loaded file C:\PROGRAM FILES\ORCAD\LAYOUT\library\DIMM050F.llb
Sat Nov 11 18:42:16 Loaded file C:\PROGRAM FILES\ORCAD\LAYOUT\library\DIMM050T.llb
Sat Nov 11 18:42:16 Loaded file C:\PROGRAM FILES\ORCAD\LAYOUT\library\DIN.llb
Sat Nov 11 18:42:16 Loaded file C:\PROGRAM FILES\ORCAD\LAYOUT\library\DIP100B.llb
Sat Nov 11 18:42:16 Loaded file C:\PROGRAM FILES\ORCAD\LAYOUT\library\DIP100T.llb
Sat Nov 11 18:42:16 Loaded file C:\PROGRAM FILES\ORCAD\LAYOUT\library\DSUBT.llb
Sat Nov 11 18:42:16 Loaded file C:\PROGRAM FILES\ORCAD\LAYOUT\library\DSUBT_HD.LLB
Sat Nov 11 18:42:16 Loaded file C:\PROGRAM FILES\ORCAD\LAYOUT\library\ECON100T.llb
Sat Nov 11 18:42:17 Loaded file C:\PROGRAM FILES\ORCAD\LAYOUT\library\FBUS.llb
Sat Nov 11 18:42:17 Loaded file C:\PROGRAM FILES\ORCAD\LAYOUT\library\ISA.llb
Sat Nov 11 18:42:17 Loaded file C:\PROGRAM FILES\ORCAD\LAYOUT\library\JUMPER.LLB
Sat Nov 11 18:42:17 Loaded file C:\PROGRAM FILES\ORCAD\LAYOUT\library\LAYOUT.llb
Sat Nov 11 18:42:17 Loaded file C:\PROGRAM FILES\ORCAD\LAYOUT\library\LCON100T.llb
Sat Nov 11 18:42:17 Loaded file C:\PROGRAM FILES\ORCAD\LAYOUT\library\PC104.llb
Sat Nov 11 18:42:17 Loaded file C:\PROGRAM FILES\ORCAD\LAYOUT\library\PCI.llb
Sat Nov 11 18:42:17 Loaded file C:\PROGRAM FILES\ORCAD\LAYOUT\library\PCON100T.llb
Sat Nov 11 18:42:17 Loaded file C:\PROGRAM FILES\ORCAD\LAYOUT\library\PCON156T.llb
Sat Nov 11 18:42:17 Loaded file C:\PROGRAM FILES\ORCAD\LAYOUT\library\PGA.llb
Sat Nov 11 18:42:17 Loaded file C:\PROGRAM FILES\ORCAD\LAYOUT\library\PLCC.llb
Sat Nov 11 18:42:17 Loaded file C:\PROGRAM FILES\ORCAD\LAYOUT\library\QUAD.llb
Sat Nov 11 18:42:17 Loaded file C:\PROGRAM FILES\ORCAD\LAYOUT\library\QUADB.llb
Sat Nov 11 18:42:17 Loaded file C:\PROGRAM FILES\ORCAD\LAYOUT\library\RELAY.llb
Sat Nov 11 18:42:17 Loaded file C:\PROGRAM FILES\ORCAD\LAYOUT\library\RF.llb
Sat Nov 11 18:42:17 Loaded file C:\PROGRAM FILES\ORCAD\LAYOUT\library\SBUS.llb
Sat Nov 11 18:42:17 Loaded file C:\PROGRAM FILES\ORCAD\LAYOUT\library\SIMM050F.llb
Sat Nov 11 18:42:17 Loaded file C:\PROGRAM FILES\ORCAD\LAYOUT\library\SIMM050T.llb
Sat Nov 11 18:42:17 Loaded file C:\PROGRAM FILES\ORCAD\LAYOUT\library\SIMM100F.llb
Sat Nov 11 18:42:17 Loaded file C:\PROGRAM FILES\ORCAD\LAYOUT\library\SIMM100T.llb
Sat Nov 11 18:42:17 Loaded file C:\PROGRAM FILES\ORCAD\LAYOUT\library\SIP.llb
Sat Nov 11 18:42:17 Loaded file C:\PROGRAM FILES\ORCAD\LAYOUT\library\SM.llb
Sat Nov 11 18:42:17 Loaded file C:\PROGRAM FILES\ORCAD\LAYOUT\library\SOG.llb
Sat Nov 11 18:42:17 Loaded file C:\PROGRAM FILES\ORCAD\LAYOUT\library\SOJ.llb
Sat Nov 11 18:42:17 Loaded file C:\PROGRAM FILES\ORCAD\LAYOUT\library\STIFF.llb
Sat Nov 11 18:42:17 Loaded file C:\PROGRAM FILES\ORCAD\LAYOUT\library\TELE.llb
Sat Nov 11 18:42:17 Loaded file C:\PROGRAM FILES\ORCAD\LAYOUT\library\TM_AXIAL.llb
Sat Nov 11 18:42:17 Loaded file C:\PROGRAM FILES\ORCAD\LAYOUT\library\TM_CAP_P.llb
Sat Nov 11 18:42:17 Loaded file C:\PROGRAM FILES\ORCAD\LAYOUT\library\TM_CYLND.llb
Sat Nov 11 18:42:17 Loaded file C:\PROGRAM FILES\ORCAD\LAYOUT\library\TM_DIODE.llb
Sat Nov 11 18:42:17 Loaded file C:\PROGRAM FILES\ORCAD\LAYOUT\library\TM_DISC.llb
Sat Nov 11 18:42:17 Loaded file C:\PROGRAM FILES\ORCAD\LAYOUT\library\TM_RAD.llb
Sat Nov 11 18:42:17 Loaded file C:\PROGRAM FILES\ORCAD\LAYOUT\library\TO.llb
Sat Nov 11 18:42:17 Loaded file C:\PROGRAM FILES\ORCAD\LAYOUT\library\TRAINING.LLB
Sat Nov 11 18:42:17 Loaded file C:\PROGRAM FILES\ORCAD\LAYOUT\library\VRES.llb
Sat Nov 11 18:42:17 Loaded file C:\PROGRAM FILES\ORCAD\LAYOUT\library\WCON100T.llb
Sat Nov 11 18:42:17 Loaded file C:\PROGRAM FILES\ORCAD\LAYOUT\library\XT.llb
Sat Nov 11 18:42:17 Loaded file C:\PROGRAM FILES\ORCAD\LAYOUT\library\ZIGZAG.llb
Sat Nov 11 18:42:17 Saved as file K:\DLC\ORCAD NEW VERSION\NEW VERSION.MAX
Sat Nov 11 18:42:17 Loaded file K:\DLC\ORCAD NEW VERSION\NEW VERSION.MAX
Sat Nov 11 18:43:14 Saved as file BACKUP1.MAX
Sat Nov 11 18:43:14 Saved as file K:\DLC\ORCAD NEW VERSION\NEW VERSION.MAX
Sat Nov 11 18:43:14 UserDiv from Layout.INI for AutoECO: 60
Sat Nov 11 18:43:14 Loaded file K:\DLC\ORCAD NEW VERSION\NEW VERSION.MAX
Sat Nov 11 18:43:14 Loaded file C:\PROGRAM FILES\ORCAD\LAYOUT\LIBRARY\DKR.LLB
Sat Nov 11 18:43:14 Loaded file C:\PROGRAM FILES\ORCAD\LAYOUT\LIBRARY\DKR1.LLB
Sat Nov 11 18:43:14 Loaded file C:\PROGRAM FILES\ORCAD\LAYOUT\LIBRARY\DKR-1.LLB
Sat Nov 11 18:43:14 Loaded file C:\PROGRAM FILES\ORCAD\LAYOUT\LIBRARY\DKR2.LLB
Sat Nov 11 18:43:14 Loaded file C:\PROGRAM FILES\ORCAD\LAYOUT\library\BCON100T.llb
Sat Nov 11 18:43:14 Loaded file C:\PROGRAM FILES\ORCAD\LAYOUT\library\BCON156T.llb
Sat Nov 11 18:43:14 Loaded file C:\PROGRAM FILES\ORCAD\LAYOUT\library\BGA.llb
Sat Nov 11 18:43:14 Loaded file C:\PROGRAM FILES\ORCAD\LAYOUT\library\CLCC.llb
Sat Nov 11 18:43:14 Loaded file C:\PROGRAM FILES\ORCAD\LAYOUT\library\DCON050T.llb
Sat Nov 11 18:43:14 Loaded file C:\PROGRAM FILES\ORCAD\LAYOUT\library\DCON085T.llb
Sat Nov 11 18:43:14 Loaded file C:\PROGRAM FILES\ORCAD\LAYOUT\library\DIMM050F.llb
Sat Nov 11 18:43:14 Loaded file C:\PROGRAM FILES\ORCAD\LAYOUT\library\DIMM050T.llb
Sat Nov 11 18:43:14 Loaded file C:\PROGRAM FILES\ORCAD\LAYOUT\library\DIN.llb
Sat Nov 11 18:43:14 Loaded file C:\PROGRAM FILES\ORCAD\LAYOUT\library\DIP100B.llb
Sat Nov 11 18:43:14 Loaded file C:\PROGRAM FILES\ORCAD\LAYOUT\library\DIP100T.llb
Sat Nov 11 18:43:14 Loaded file C:\PROGRAM FILES\ORCAD\LAYOUT\library\DSUBT.llb
Sat Nov 11 18:43:14 Loaded file C:\PROGRAM FILES\ORCAD\LAYOUT\library\DSUBT_HD.LLB
Sat Nov 11 18:43:14 Loaded file C:\PROGRAM FILES\ORCAD\LAYOUT\library\ECON100T.llb
Sat Nov 11 18:43:14 Loaded file C:\PROGRAM FILES\ORCAD\LAYOUT\library\FBUS.llb
Sat Nov 11 18:43:14 Loaded file C:\PROGRAM FILES\ORCAD\LAYOUT\library\ISA.llb
Sat Nov 11 18:43:14 Loaded file C:\PROGRAM FILES\ORCAD\LAYOUT\library\JUMPER.LLB
Sat Nov 11 18:43:14 Loaded file C:\PROGRAM FILES\ORCAD\LAYOUT\library\LAYOUT.llb
Sat Nov 11 18:43:14 Loaded file C:\PROGRAM FILES\ORCAD\LAYOUT\library\LCON100T.llb
Sat Nov 11 18:43:14 Loaded file C:\PROGRAM FILES\ORCAD\LAYOUT\library\PC104.llb
Sat Nov 11 18:43:14 Loaded file C:\PROGRAM FILES\ORCAD\LAYOUT\library\PCI.llb
Sat Nov 11 18:43:14 Loaded file C:\PROGRAM FILES\ORCAD\LAYOUT\library\PCON100T.llb
Sat Nov 11 18:43:14 Loaded file C:\PROGRAM FILES\ORCAD\LAYOUT\library\PCON156T.llb
Sat Nov 11 18:43:14 Loaded file C:\PROGRAM FILES\ORCAD\LAYOUT\library\PGA.llb
Sat Nov 11 18:43:14 Loaded file C:\PROGRAM FILES\ORCAD\LAYOUT\library\PLCC.llb
Sat Nov 11 18:43:14 Loaded file C:\PROGRAM FILES\ORCAD\LAYOUT\library\QUAD.llb
Sat Nov 11 18:43:14 Loaded file C:\PROGRAM FILES\ORCAD\LAYOUT\library\QUADB.llb
Sat Nov 11 18:43:14 Loaded file C:\PROGRAM FILES\ORCAD\LAYOUT\library\RELAY.llb
Sat Nov 11 18:43:14 Loaded file C:\PROGRAM FILES\ORCAD\LAYOUT\library\RF.llb
Sat Nov 11 18:43:14 Loaded file C:\PROGRAM FILES\ORCAD\LAYOUT\library\SBUS.llb
Sat Nov 11 18:43:14 Loaded file C:\PROGRAM FILES\ORCAD\LAYOUT\library\SIMM050F.llb
Sat Nov 11 18:43:14 Loaded file C:\PROGRAM FILES\ORCAD\LAYOUT\library\SIMM050T.llb
Sat Nov 11 18:43:14 Loaded file C:\PROGRAM FILES\ORCAD\LAYOUT\library\SIMM100F.llb
Sat Nov 11 18:43:14 Loaded file C:\PROGRAM FILES\ORCAD\LAYOUT\library\SIMM100T.llb
Sat Nov 11 18:43:14 Loaded file C:\PROGRAM FILES\ORCAD\LAYOUT\library\SIP.llb
Sat Nov 11 18:43:14 Loaded file C:\PROGRAM FILES\ORCAD\LAYOUT\library\SM.llb
Sat Nov 11 18:43:14 Loaded file C:\PROGRAM FILES\ORCAD\LAYOUT\library\SOG.llb
Sat Nov 11 18:43:14 Loaded file C:\PROGRAM FILES\ORCAD\LAYOUT\library\SOJ.llb
Sat Nov 11 18:43:14 Loaded file C:\PROGRAM FILES\ORCAD\LAYOUT\library\STIFF.llb
Sat Nov 11 18:43:14 Loaded file C:\PROGRAM FILES\ORCAD\LAYOUT\library\TELE.llb
Sat Nov 11 18:43:14 Loaded file C:\PROGRAM FILES\ORCAD\LAYOUT\library\TM_AXIAL.llb
Sat Nov 11 18:43:14 Loaded file C:\PROGRAM FILES\ORCAD\LAYOUT\library\TM_CAP_P.llb
Sat Nov 11 18:43:14 Loaded file C:\PROGRAM FILES\ORCAD\LAYOUT\library\TM_CYLND.llb
Sat Nov 11 18:43:14 Loaded file C:\PROGRAM FILES\ORCAD\LAYOUT\library\TM_DIODE.llb
Sat Nov 11 18:43:14 Loaded file C:\PROGRAM FILES\ORCAD\LAYOUT\library\TM_DISC.llb
Sat Nov 11 18:43:14 Loaded file C:\PROGRAM FILES\ORCAD\LAYOUT\library\TM_RAD.llb
Sat Nov 11 18:43:14 Loaded file C:\PROGRAM FILES\ORCAD\LAYOUT\library\TO.llb
Sat Nov 11 18:43:14 Loaded file C:\PROGRAM FILES\ORCAD\LAYOUT\library\TRAINING.LLB
Sat Nov 11 18:43:14 Loaded file C:\PROGRAM FILES\ORCAD\LAYOUT\library\VRES.llb
Sat Nov 11 18:43:14 Loaded file C:\PROGRAM FILES\ORCAD\LAYOUT\library\WCON100T.llb
Sat Nov 11 18:43:14 Loaded file C:\PROGRAM FILES\ORCAD\LAYOUT\library\XT.llb
Sat Nov 11 18:43:14 Loaded file C:\PROGRAM FILES\ORCAD\LAYOUT\library\ZIGZAG.llb
Sat Nov 11 18:43:14 Saved as file K:\DLC\ORCAD NEW VERSION\NEW VERSION.MAX
Sat Nov 11 18:43:15 Loaded file K:\DLC\ORCAD NEW VERSION\NEW VERSION.MAX
Sat Nov 11 18:45:48 Saved as file BACKUP1.MAX
Sat Nov 11 18:45:48 Saved as file K:\DLC\ORCAD NEW VERSION\NEW VERSION.MAX
Sat Nov 11 18:45:48 UserDiv from Layout.INI for AutoECO: 60
Sat Nov 11 18:45:48 Loaded file K:\DLC\ORCAD NEW VERSION\NEW VERSION.MAX
Sat Nov 11 18:45:48 Loaded file C:\PROGRAM FILES\ORCAD\LAYOUT\LIBRARY\DKR.LLB
Sat Nov 11 18:45:48 Loaded file C:\PROGRAM FILES\ORCAD\LAYOUT\LIBRARY\DKR1.LLB
Sat Nov 11 18:45:48 Loaded file C:\PROGRAM FILES\ORCAD\LAYOUT\LIBRARY\DKR-1.LLB
Sat Nov 11 18:45:48 Loaded file C:\PROGRAM FILES\ORCAD\LAYOUT\LIBRARY\DKR2.LLB
Sat Nov 11 18:45:48 Loaded file C:\PROGRAM FILES\ORCAD\LAYOUT\library\BCON100T.llb
Sat Nov 11 18:45:48 Loaded file C:\PROGRAM FILES\ORCAD\LAYOUT\library\BCON156T.llb
Sat Nov 11 18:45:48 Loaded file C:\PROGRAM FILES\ORCAD\LAYOUT\library\BGA.llb
Sat Nov 11 18:45:48 Loaded file C:\PROGRAM FILES\ORCAD\LAYOUT\library\CLCC.llb
Sat Nov 11 18:45:48 Loaded file C:\PROGRAM FILES\ORCAD\LAYOUT\library\DCON050T.llb
Sat Nov 11 18:45:48 Loaded file C:\PROGRAM FILES\ORCAD\LAYOUT\library\DCON085T.llb
Sat Nov 11 18:45:48 Loaded file C:\PROGRAM FILES\ORCAD\LAYOUT\library\DIMM050F.llb
Sat Nov 11 18:45:48 Loaded file C:\PROGRAM FILES\ORCAD\LAYOUT\library\DIMM050T.llb
Sat Nov 11 18:45:48 Loaded file C:\PROGRAM FILES\ORCAD\LAYOUT\library\DIN.llb
Sat Nov 11 18:45:48 Loaded file C:\PROGRAM FILES\ORCAD\LAYOUT\library\DIP100B.llb
Sat Nov 11 18:45:48 Loaded file C:\PROGRAM FILES\ORCAD\LAYOUT\library\DIP100T.llb
Sat Nov 11 18:45:48 Loaded file C:\PROGRAM FILES\ORCAD\LAYOUT\library\DSUBT.llb
Sat Nov 11 18:45:48 Loaded file C:\PROGRAM FILES\ORCAD\LAYOUT\library\DSUBT_HD.LLB
Sat Nov 11 18:45:48 Loaded file C:\PROGRAM FILES\ORCAD\LAYOUT\library\ECON100T.llb
Sat Nov 11 18:45:48 Loaded file C:\PROGRAM FILES\ORCAD\LAYOUT\library\FBUS.llb
Sat Nov 11 18:45:48 Loaded file C:\PROGRAM FILES\ORCAD\LAYOUT\library\ISA.llb
Sat Nov 11 18:45:48 Loaded file C:\PROGRAM FILES\ORCAD\LAYOUT\library\JUMPER.LLB
Sat Nov 11 18:45:48 Loaded file C:\PROGRAM FILES\ORCAD\LAYOUT\library\LAYOUT.llb
Sat Nov 11 18:45:48 Loaded file C:\PROGRAM FILES\ORCAD\LAYOUT\library\LCON100T.llb
Sat Nov 11 18:45:48 Loaded file C:\PROGRAM FILES\ORCAD\LAYOUT\library\PC104.llb
Sat Nov 11 18:45:48 Loaded file C:\PROGRAM FILES\ORCAD\LAYOUT\library\PCI.llb
Sat Nov 11 18:45:48 Loaded file C:\PROGRAM FILES\ORCAD\LAYOUT\library\PCON100T.llb
Sat Nov 11 18:45:48 Loaded file C:\PROGRAM FILES\ORCAD\LAYOUT\library\PCON156T.llb
Sat Nov 11 18:45:48 Loaded file C:\PROGRAM FILES\ORCAD\LAYOUT\library\PGA.llb
Sat Nov 11 18:45:48 Loaded file C:\PROGRAM FILES\ORCAD\LAYOUT\library\PLCC.llb
Sat Nov 11 18:45:48 Loaded file C:\PROGRAM FILES\ORCAD\LAYOUT\library\QUAD.llb
Sat Nov 11 18:45:48 Loaded file C:\PROGRAM FILES\ORCAD\LAYOUT\library\QUADB.llb
Sat Nov 11 18:45:48 Loaded file C:\PROGRAM FILES\ORCAD\LAYOUT\library\RELAY.llb
Sat Nov 11 18:45:48 Loaded file C:\PROGRAM FILES\ORCAD\LAYOUT\library\RF.llb
Sat Nov 11 18:45:48 Loaded file C:\PROGRAM FILES\ORCAD\LAYOUT\library\SBUS.llb
Sat Nov 11 18:45:48 Loaded file C:\PROGRAM FILES\ORCAD\LAYOUT\library\SIMM050F.llb
Sat Nov 11 18:45:48 Loaded file C:\PROGRAM FILES\ORCAD\LAYOUT\library\SIMM050T.llb
Sat Nov 11 18:45:48 Loaded file C:\PROGRAM FILES\ORCAD\LAYOUT\library\SIMM100F.llb
Sat Nov 11 18:45:48 Loaded file C:\PROGRAM FILES\ORCAD\LAYOUT\library\SIMM100T.llb
Sat Nov 11 18:45:48 Loaded file C:\PROGRAM FILES\ORCAD\LAYOUT\library\SIP.llb
Sat Nov 11 18:45:48 Loaded file C:\PROGRAM FILES\ORCAD\LAYOUT\library\SM.llb
Sat Nov 11 18:45:48 Loaded file C:\PROGRAM FILES\ORCAD\LAYOUT\library\SOG.llb
Sat Nov 11 18:45:48 Loaded file C:\PROGRAM FILES\ORCAD\LAYOUT\library\SOJ.llb
Sat Nov 11 18:45:48 Loaded file C:\PROGRAM FILES\ORCAD\LAYOUT\library\STIFF.llb
Sat Nov 11 18:45:48 Loaded file C:\PROGRAM FILES\ORCAD\LAYOUT\library\TELE.llb
Sat Nov 11 18:45:48 Loaded file C:\PROGRAM FILES\ORCAD\LAYOUT\library\TM_AXIAL.llb
Sat Nov 11 18:45:48 Loaded file C:\PROGRAM FILES\ORCAD\LAYOUT\library\TM_CAP_P.llb
Sat Nov 11 18:45:48 Loaded file C:\PROGRAM FILES\ORCAD\LAYOUT\library\TM_CYLND.llb
Sat Nov 11 18:45:48 Loaded file C:\PROGRAM FILES\ORCAD\LAYOUT\library\TM_DIODE.llb
Sat Nov 11 18:45:48 Loaded file C:\PROGRAM FILES\ORCAD\LAYOUT\library\TM_DISC.llb
Sat Nov 11 18:45:48 Loaded file C:\PROGRAM FILES\ORCAD\LAYOUT\library\TM_RAD.llb
Sat Nov 11 18:45:48 Loaded file C:\PROGRAM FILES\ORCAD\LAYOUT\library\TO.llb
Sat Nov 11 18:45:48 Loaded file C:\PROGRAM FILES\ORCAD\LAYOUT\library\TRAINING.LLB
Sat Nov 11 18:45:48 Loaded file C:\PROGRAM FILES\ORCAD\LAYOUT\library\VRES.llb
Sat Nov 11 18:45:48 Loaded file C:\PROGRAM FILES\ORCAD\LAYOUT\library\WCON100T.llb
Sat Nov 11 18:45:48 Loaded file C:\PROGRAM FILES\ORCAD\LAYOUT\library\XT.llb
Sat Nov 11 18:45:48 Loaded file C:\PROGRAM FILES\ORCAD\LAYOUT\library\ZIGZAG.llb
Sat Nov 11 18:45:48 Saved as file K:\DLC\ORCAD NEW VERSION\NEW VERSION.MAX
Sat Nov 11 18:45:49 Loaded file K:\DLC\ORCAD NEW VERSION\NEW VERSION.MAX
Sat Nov 11 18:50:33 Saved as file BACKUP1.MAX
Sat Nov 11 18:51:35 Saved as file ~undo.max
Sat Nov 11 18:52:35 Saved as file K:\DLC\ORCAD NEW VERSION\NEW VERSION.MAX
Sat Nov 11 18:52:38 Saved as file K:\DLC\ORCAD NEW VERSION\NEW VERSION.MAX
Sat Nov 11 18:53:52 Saved as file BACKUP1.MAX
Sat Nov 11 18:53:52 Saved as file K:\DLC\ORCAD NEW VERSION\NEW VERSION.MAX
Sat Nov 11 18:53:52 UserDiv from Layout.INI for AutoECO: 60
Sat Nov 11 18:53:52 Loaded file K:\DLC\ORCAD NEW VERSION\NEW VERSION.MAX
Sat Nov 11 18:53:52 Loaded file C:\PROGRAM FILES\ORCAD\LAYOUT\LIBRARY\DKR.LLB
Sat Nov 11 18:53:52 Loaded file C:\PROGRAM FILES\ORCAD\LAYOUT\LIBRARY\DKR1.LLB
Sat Nov 11 18:53:52 Loaded file C:\PROGRAM FILES\ORCAD\LAYOUT\LIBRARY\DKR-1.LLB
Sat Nov 11 18:53:52 Loaded file C:\PROGRAM FILES\ORCAD\LAYOUT\LIBRARY\DKR2.LLB
Sat Nov 11 18:53:52 Loaded file C:\PROGRAM FILES\ORCAD\LAYOUT\library\BCON100T.llb
Sat Nov 11 18:53:52 Loaded file C:\PROGRAM FILES\ORCAD\LAYOUT\library\BCON156T.llb
Sat Nov 11 18:53:52 Loaded file C:\PROGRAM FILES\ORCAD\LAYOUT\library\BGA.llb
Sat Nov 11 18:53:52 Loaded file C:\PROGRAM FILES\ORCAD\LAYOUT\library\CLCC.llb
Sat Nov 11 18:53:52 Loaded file C:\PROGRAM FILES\ORCAD\LAYOUT\library\DCON050T.llb
Sat Nov 11 18:53:52 Loaded file C:\PROGRAM FILES\ORCAD\LAYOUT\library\DCON085T.llb
Sat Nov 11 18:53:52 Loaded file C:\PROGRAM FILES\ORCAD\LAYOUT\library\DIMM050F.llb
Sat Nov 11 18:53:52 Loaded file C:\PROGRAM FILES\ORCAD\LAYOUT\library\DIMM050T.llb
Sat Nov 11 18:53:52 Loaded file C:\PROGRAM FILES\ORCAD\LAYOUT\library\DIN.llb
Sat Nov 11 18:53:52 Loaded file C:\PROGRAM FILES\ORCAD\LAYOUT\library\DIP100B.llb
Sat Nov 11 18:53:52 Loaded file C:\PROGRAM FILES\ORCAD\LAYOUT\library\DIP100T.llb
Sat Nov 11 18:53:52 Loaded file C:\PROGRAM FILES\ORCAD\LAYOUT\library\DSUBT.llb
Sat Nov 11 18:53:52 Loaded file C:\PROGRAM FILES\ORCAD\LAYOUT\library\DSUBT_HD.LLB
Sat Nov 11 18:53:52 Loaded file C:\PROGRAM FILES\ORCAD\LAYOUT\library\ECON100T.llb
Sat Nov 11 18:53:52 Loaded file C:\PROGRAM FILES\ORCAD\LAYOUT\library\FBUS.llb
Sat Nov 11 18:53:52 Loaded file C:\PROGRAM FILES\ORCAD\LAYOUT\library\ISA.llb
Sat Nov 11 18:53:52 Loaded file C:\PROGRAM FILES\ORCAD\LAYOUT\library\JUMPER.LLB
Sat Nov 11 18:53:52 Loaded file C:\PROGRAM FILES\ORCAD\LAYOUT\library\LAYOUT.llb
Sat Nov 11 18:53:52 Loaded file C:\PROGRAM FILES\ORCAD\LAYOUT\library\LCON100T.llb
Sat Nov 11 18:53:52 Loaded file C:\PROGRAM FILES\ORCAD\LAYOUT\library\PC104.llb
Sat Nov 11 18:53:52 Loaded file C:\PROGRAM FILES\ORCAD\LAYOUT\library\PCI.llb
Sat Nov 11 18:53:52 Loaded file C:\PROGRAM FILES\ORCAD\LAYOUT\library\PCON100T.llb
Sat Nov 11 18:53:52 Loaded file C:\PROGRAM FILES\ORCAD\LAYOUT\library\PCON156T.llb
Sat Nov 11 18:53:52 Loaded file C:\PROGRAM FILES\ORCAD\LAYOUT\library\PGA.llb
Sat Nov 11 18:53:52 Loaded file C:\PROGRAM FILES\ORCAD\LAYOUT\library\PLCC.llb
Sat Nov 11 18:53:52 Loaded file C:\PROGRAM FILES\ORCAD\LAYOUT\library\QUAD.llb
Sat Nov 11 18:53:52 Loaded file C:\PROGRAM FILES\ORCAD\LAYOUT\library\QUADB.llb
Sat Nov 11 18:53:52 Loaded file C:\PROGRAM FILES\ORCAD\LAYOUT\library\RELAY.llb
Sat Nov 11 18:53:52 Loaded file C:\PROGRAM FILES\ORCAD\LAYOUT\library\RF.llb
Sat Nov 11 18:53:52 Loaded file C:\PROGRAM FILES\ORCAD\LAYOUT\library\SBUS.llb
Sat Nov 11 18:53:52 Loaded file C:\PROGRAM FILES\ORCAD\LAYOUT\library\SIMM050F.llb
Sat Nov 11 18:53:52 Loaded file C:\PROGRAM FILES\ORCAD\LAYOUT\library\SIMM050T.llb
Sat Nov 11 18:53:52 Loaded file C:\PROGRAM FILES\ORCAD\LAYOUT\library\SIMM100F.llb
Sat Nov 11 18:53:52 Loaded file C:\PROGRAM FILES\ORCAD\LAYOUT\library\SIMM100T.llb
Sat Nov 11 18:53:52 Loaded file C:\PROGRAM FILES\ORCAD\LAYOUT\library\SIP.llb
Sat Nov 11 18:53:52 Loaded file C:\PROGRAM FILES\ORCAD\LAYOUT\library\SM.llb
Sat Nov 11 18:53:52 Loaded file C:\PROGRAM FILES\ORCAD\LAYOUT\library\SOG.llb
Sat Nov 11 18:53:52 Loaded file C:\PROGRAM FILES\ORCAD\LAYOUT\library\SOJ.llb
Sat Nov 11 18:53:52 Loaded file C:\PROGRAM FILES\ORCAD\LAYOUT\library\STIFF.llb
Sat Nov 11 18:53:52 Loaded file C:\PROGRAM FILES\ORCAD\LAYOUT\library\TELE.llb
Sat Nov 11 18:53:52 Loaded file C:\PROGRAM FILES\ORCAD\LAYOUT\library\TM_AXIAL.llb
Sat Nov 11 18:53:52 Loaded file C:\PROGRAM FILES\ORCAD\LAYOUT\library\TM_CAP_P.llb
Sat Nov 11 18:53:52 Loaded file C:\PROGRAM FILES\ORCAD\LAYOUT\library\TM_CYLND.llb
Sat Nov 11 18:53:52 Loaded file C:\PROGRAM FILES\ORCAD\LAYOUT\library\TM_DIODE.llb
Sat Nov 11 18:53:52 Loaded file C:\PROGRAM FILES\ORCAD\LAYOUT\library\TM_DISC.llb
Sat Nov 11 18:53:52 Loaded file C:\PROGRAM FILES\ORCAD\LAYOUT\library\TM_RAD.llb
Sat Nov 11 18:53:52 Loaded file C:\PROGRAM FILES\ORCAD\LAYOUT\library\TO.llb
Sat Nov 11 18:53:52 Loaded file C:\PROGRAM FILES\ORCAD\LAYOUT\library\TRAINING.LLB
Sat Nov 11 18:53:52 Loaded file C:\PROGRAM FILES\ORCAD\LAYOUT\library\VRES.llb
Sat Nov 11 18:53:52 Loaded file C:\PROGRAM FILES\ORCAD\LAYOUT\library\WCON100T.llb
Sat Nov 11 18:53:53 Loaded file C:\PROGRAM FILES\ORCAD\LAYOUT\library\XT.llb
Sat Nov 11 18:53:53 Loaded file C:\PROGRAM FILES\ORCAD\LAYOUT\library\ZIGZAG.llb
Sat Nov 11 18:53:53 Loaded file K:\DLC\ORCAD NEW VERSION\NEW VERSION.MAX
Sat Nov 11 18:53:53 Saved as file K:\DLC\ORCAD NEW VERSION\NEW VERSION.MAX
Sat Nov 11 18:53:53 Loaded file K:\DLC\ORCAD NEW VERSION\NEW VERSION.MAX
Sat Nov 11 18:54:09 Saved as file BACKUP1.MAX
Sat Nov 11 18:54:09 Saved as file K:\DLC\ORCAD NEW VERSION\NEW VERSION.MAX
Sat Nov 11 18:54:09 UserDiv from Layout.INI for AutoECO: 60
Sat Nov 11 18:54:09 Loaded file K:\DLC\ORCAD NEW VERSION\NEW VERSION.MAX
Sat Nov 11 18:54:09 Loaded file C:\PROGRAM FILES\ORCAD\LAYOUT\LIBRARY\DKR.LLB
Sat Nov 11 18:54:09 Loaded file C:\PROGRAM FILES\ORCAD\LAYOUT\LIBRARY\DKR1.LLB
Sat Nov 11 18:54:09 Loaded file C:\PROGRAM FILES\ORCAD\LAYOUT\LIBRARY\DKR-1.LLB
Sat Nov 11 18:54:09 Loaded file C:\PROGRAM FILES\ORCAD\LAYOUT\LIBRARY\DKR2.LLB
Sat Nov 11 18:54:09 Loaded file C:\PROGRAM FILES\ORCAD\LAYOUT\library\BCON100T.llb
Sat Nov 11 18:54:09 Loaded file C:\PROGRAM FILES\ORCAD\LAYOUT\library\BCON156T.llb
Sat Nov 11 18:54:09 Loaded file C:\PROGRAM FILES\ORCAD\LAYOUT\library\BGA.llb
Sat Nov 11 18:54:09 Loaded file C:\PROGRAM FILES\ORCAD\LAYOUT\library\CLCC.llb
Sat Nov 11 18:54:09 Loaded file C:\PROGRAM FILES\ORCAD\LAYOUT\library\DCON050T.llb
Sat Nov 11 18:54:09 Loaded file C:\PROGRAM FILES\ORCAD\LAYOUT\library\DCON085T.llb
Sat Nov 11 18:54:09 Loaded file C:\PROGRAM FILES\ORCAD\LAYOUT\library\DIMM050F.llb
Sat Nov 11 18:54:09 Loaded file C:\PROGRAM FILES\ORCAD\LAYOUT\library\DIMM050T.llb
Sat Nov 11 18:54:09 Loaded file C:\PROGRAM FILES\ORCAD\LAYOUT\library\DIN.llb
Sat Nov 11 18:54:09 Loaded file C:\PROGRAM FILES\ORCAD\LAYOUT\library\DIP100B.llb
Sat Nov 11 18:54:10 Loaded file C:\PROGRAM FILES\ORCAD\LAYOUT\library\DIP100T.llb
Sat Nov 11 18:54:10 Loaded file C:\PROGRAM FILES\ORCAD\LAYOUT\library\DSUBT.llb
Sat Nov 11 18:54:10 Loaded file C:\PROGRAM FILES\ORCAD\LAYOUT\library\DSUBT_HD.LLB
Sat Nov 11 18:54:10 Loaded file C:\PROGRAM FILES\ORCAD\LAYOUT\library\ECON100T.llb
Sat Nov 11 18:54:10 Loaded file C:\PROGRAM FILES\ORCAD\LAYOUT\library\FBUS.llb
Sat Nov 11 18:54:10 Loaded file C:\PROGRAM FILES\ORCAD\LAYOUT\library\ISA.llb
Sat Nov 11 18:54:10 Loaded file C:\PROGRAM FILES\ORCAD\LAYOUT\library\JUMPER.LLB
Sat Nov 11 18:54:10 Loaded file C:\PROGRAM FILES\ORCAD\LAYOUT\library\LAYOUT.llb
Sat Nov 11 18:54:10 Loaded file C:\PROGRAM FILES\ORCAD\LAYOUT\library\LCON100T.llb
Sat Nov 11 18:54:10 Loaded file C:\PROGRAM FILES\ORCAD\LAYOUT\library\PC104.llb
Sat Nov 11 18:54:10 Loaded file C:\PROGRAM FILES\ORCAD\LAYOUT\library\PCI.llb
Sat Nov 11 18:54:10 Loaded file C:\PROGRAM FILES\ORCAD\LAYOUT\library\PCON100T.llb
Sat Nov 11 18:54:10 Loaded file C:\PROGRAM FILES\ORCAD\LAYOUT\library\PCON156T.llb
Sat Nov 11 18:54:10 Loaded file C:\PROGRAM FILES\ORCAD\LAYOUT\library\PGA.llb
Sat Nov 11 18:54:10 Loaded file C:\PROGRAM FILES\ORCAD\LAYOUT\library\PLCC.llb
Sat Nov 11 18:54:10 Loaded file C:\PROGRAM FILES\ORCAD\LAYOUT\library\QUAD.llb
Sat Nov 11 18:54:10 Loaded file C:\PROGRAM FILES\ORCAD\LAYOUT\library\QUADB.llb
Sat Nov 11 18:54:10 Loaded file C:\PROGRAM FILES\ORCAD\LAYOUT\library\RELAY.llb
Sat Nov 11 18:54:10 Loaded file C:\PROGRAM FILES\ORCAD\LAYOUT\library\RF.llb
Sat Nov 11 18:54:10 Loaded file C:\PROGRAM FILES\ORCAD\LAYOUT\library\SBUS.llb
Sat Nov 11 18:54:10 Loaded file C:\PROGRAM FILES\ORCAD\LAYOUT\library\SIMM050F.llb
Sat Nov 11 18:54:10 Loaded file C:\PROGRAM FILES\ORCAD\LAYOUT\library\SIMM050T.llb
Sat Nov 11 18:54:10 Loaded file C:\PROGRAM FILES\ORCAD\LAYOUT\library\SIMM100F.llb
Sat Nov 11 18:54:10 Loaded file C:\PROGRAM FILES\ORCAD\LAYOUT\library\SIMM100T.llb
Sat Nov 11 18:54:10 Loaded file C:\PROGRAM FILES\ORCAD\LAYOUT\library\SIP.llb
Sat Nov 11 18:54:10 Loaded file C:\PROGRAM FILES\ORCAD\LAYOUT\library\SM.llb
Sat Nov 11 18:54:10 Loaded file C:\PROGRAM FILES\ORCAD\LAYOUT\library\SOG.llb
Sat Nov 11 18:54:10 Loaded file C:\PROGRAM FILES\ORCAD\LAYOUT\library\SOJ.llb
Sat Nov 11 18:54:10 Loaded file C:\PROGRAM FILES\ORCAD\LAYOUT\library\STIFF.llb
Sat Nov 11 18:54:10 Loaded file C:\PROGRAM FILES\ORCAD\LAYOUT\library\TELE.llb
Sat Nov 11 18:54:10 Loaded file C:\PROGRAM FILES\ORCAD\LAYOUT\library\TM_AXIAL.llb
Sat Nov 11 18:54:10 Loaded file C:\PROGRAM FILES\ORCAD\LAYOUT\library\TM_CAP_P.llb
Sat Nov 11 18:54:10 Loaded file C:\PROGRAM FILES\ORCAD\LAYOUT\library\TM_CYLND.llb
Sat Nov 11 18:54:10 Loaded file C:\PROGRAM FILES\ORCAD\LAYOUT\library\TM_DIODE.llb
Sat Nov 11 18:54:10 Loaded file C:\PROGRAM FILES\ORCAD\LAYOUT\library\TM_DISC.llb
Sat Nov 11 18:54:10 Loaded file C:\PROGRAM FILES\ORCAD\LAYOUT\library\TM_RAD.llb
Sat Nov 11 18:54:10 Loaded file C:\PROGRAM FILES\ORCAD\LAYOUT\library\TO.llb
Sat Nov 11 18:54:10 Loaded file C:\PROGRAM FILES\ORCAD\LAYOUT\library\TRAINING.LLB
Sat Nov 11 18:54:10 Loaded file C:\PROGRAM FILES\ORCAD\LAYOUT\library\VRES.llb
Sat Nov 11 18:54:10 Loaded file C:\PROGRAM FILES\ORCAD\LAYOUT\library\WCON100T.llb
Sat Nov 11 18:54:10 Loaded file C:\PROGRAM FILES\ORCAD\LAYOUT\library\XT.llb
Sat Nov 11 18:54:10 Loaded file C:\PROGRAM FILES\ORCAD\LAYOUT\library\ZIGZAG.llb
Sat Nov 11 18:54:10 Loaded file K:\DLC\ORCAD NEW VERSION\NEW VERSION.MAX
Sat Nov 11 18:54:10 Saved as file K:\DLC\ORCAD NEW VERSION\NEW VERSION.MAX
Sat Nov 11 18:54:11 Loaded file K:\DLC\ORCAD NEW VERSION\NEW VERSION.MAX
Sat Nov 11 18:54:16 Saved as file BACKUP1.MAX
Sat Nov 11 18:54:16 Saved as file K:\DLC\ORCAD NEW VERSION\NEW VERSION.MAX
Sat Nov 11 18:54:16 UserDiv from Layout.INI for AutoECO: 60
Sat Nov 11 18:54:16 Loaded file K:\DLC\ORCAD NEW VERSION\NEW VERSION.MAX
Sat Nov 11 18:54:16 Loaded file C:\PROGRAM FILES\ORCAD\LAYOUT\LIBRARY\DKR.LLB
Sat Nov 11 18:54:16 Loaded file C:\PROGRAM FILES\ORCAD\LAYOUT\LIBRARY\DKR1.LLB
Sat Nov 11 18:54:16 Loaded file C:\PROGRAM FILES\ORCAD\LAYOUT\LIBRARY\DKR-1.LLB
Sat Nov 11 18:54:16 Loaded file C:\PROGRAM FILES\ORCAD\LAYOUT\LIBRARY\DKR2.LLB
Sat Nov 11 18:54:16 Loaded file C:\PROGRAM FILES\ORCAD\LAYOUT\library\BCON100T.llb
Sat Nov 11 18:54:16 Loaded file C:\PROGRAM FILES\ORCAD\LAYOUT\library\BCON156T.llb
Sat Nov 11 18:54:16 Loaded file C:\PROGRAM FILES\ORCAD\LAYOUT\library\BGA.llb
Sat Nov 11 18:54:16 Loaded file C:\PROGRAM FILES\ORCAD\LAYOUT\library\CLCC.llb
Sat Nov 11 18:54:16 Loaded file C:\PROGRAM FILES\ORCAD\LAYOUT\library\DCON050T.llb
Sat Nov 11 18:54:16 Loaded file C:\PROGRAM FILES\ORCAD\LAYOUT\library\DCON085T.llb
Sat Nov 11 18:54:16 Loaded file C:\PROGRAM FILES\ORCAD\LAYOUT\library\DIMM050F.llb
Sat Nov 11 18:54:16 Loaded file C:\PROGRAM FILES\ORCAD\LAYOUT\library\DIMM050T.llb
Sat Nov 11 18:54:16 Loaded file C:\PROGRAM FILES\ORCAD\LAYOUT\library\DIN.llb
Sat Nov 11 18:54:16 Loaded file C:\PROGRAM FILES\ORCAD\LAYOUT\library\DIP100B.llb
Sat Nov 11 18:54:16 Loaded file C:\PROGRAM FILES\ORCAD\LAYOUT\library\DIP100T.llb
Sat Nov 11 18:54:16 Loaded file C:\PROGRAM FILES\ORCAD\LAYOUT\library\DSUBT.llb
Sat Nov 11 18:54:16 Loaded file C:\PROGRAM FILES\ORCAD\LAYOUT\library\DSUBT_HD.LLB
Sat Nov 11 18:54:16 Loaded file C:\PROGRAM FILES\ORCAD\LAYOUT\library\ECON100T.llb
Sat Nov 11 18:54:16 Loaded file C:\PROGRAM FILES\ORCAD\LAYOUT\library\FBUS.llb
Sat Nov 11 18:54:16 Loaded file C:\PROGRAM FILES\ORCAD\LAYOUT\library\ISA.llb
Sat Nov 11 18:54:16 Loaded file C:\PROGRAM FILES\ORCAD\LAYOUT\library\JUMPER.LLB
Sat Nov 11 18:54:16 Loaded file C:\PROGRAM FILES\ORCAD\LAYOUT\library\LAYOUT.llb
Sat Nov 11 18:54:16 Loaded file C:\PROGRAM FILES\ORCAD\LAYOUT\library\LCON100T.llb
Sat Nov 11 18:54:16 Loaded file C:\PROGRAM FILES\ORCAD\LAYOUT\library\PC104.llb
Sat Nov 11 18:54:16 Loaded file C:\PROGRAM FILES\ORCAD\LAYOUT\library\PCI.llb
Sat Nov 11 18:54:16 Loaded file C:\PROGRAM FILES\ORCAD\LAYOUT\library\PCON100T.llb
Sat Nov 11 18:54:16 Loaded file C:\PROGRAM FILES\ORCAD\LAYOUT\library\PCON156T.llb
Sat Nov 11 18:54:16 Loaded file C:\PROGRAM FILES\ORCAD\LAYOUT\library\PGA.llb
Sat Nov 11 18:54:16 Loaded file C:\PROGRAM FILES\ORCAD\LAYOUT\library\PLCC.llb
Sat Nov 11 18:54:16 Loaded file C:\PROGRAM FILES\ORCAD\LAYOUT\library\QUAD.llb
Sat Nov 11 18:54:16 Loaded file C:\PROGRAM FILES\ORCAD\LAYOUT\library\QUADB.llb
Sat Nov 11 18:54:16 Loaded file C:\PROGRAM FILES\ORCAD\LAYOUT\library\RELAY.llb
Sat Nov 11 18:54:16 Loaded file C:\PROGRAM FILES\ORCAD\LAYOUT\library\RF.llb
Sat Nov 11 18:54:16 Loaded file C:\PROGRAM FILES\ORCAD\LAYOUT\library\SBUS.llb
Sat Nov 11 18:54:16 Loaded file C:\PROGRAM FILES\ORCAD\LAYOUT\library\SIMM050F.llb
Sat Nov 11 18:54:16 Loaded file C:\PROGRAM FILES\ORCAD\LAYOUT\library\SIMM050T.llb
Sat Nov 11 18:54:16 Loaded file C:\PROGRAM FILES\ORCAD\LAYOUT\library\SIMM100F.llb
Sat Nov 11 18:54:16 Loaded file C:\PROGRAM FILES\ORCAD\LAYOUT\library\SIMM100T.llb
Sat Nov 11 18:54:16 Loaded file C:\PROGRAM FILES\ORCAD\LAYOUT\library\SIP.llb
Sat Nov 11 18:54:16 Loaded file C:\PROGRAM FILES\ORCAD\LAYOUT\library\SM.llb
Sat Nov 11 18:54:16 Loaded file C:\PROGRAM FILES\ORCAD\LAYOUT\library\SOG.llb
Sat Nov 11 18:54:16 Loaded file C:\PROGRAM FILES\ORCAD\LAYOUT\library\SOJ.llb
Sat Nov 11 18:54:17 Loaded file C:\PROGRAM FILES\ORCAD\LAYOUT\library\STIFF.llb
Sat Nov 11 18:54:17 Loaded file C:\PROGRAM FILES\ORCAD\LAYOUT\library\TELE.llb
Sat Nov 11 18:54:17 Loaded file C:\PROGRAM FILES\ORCAD\LAYOUT\library\TM_AXIAL.llb
Sat Nov 11 18:54:17 Loaded file C:\PROGRAM FILES\ORCAD\LAYOUT\library\TM_CAP_P.llb
Sat Nov 11 18:54:17 Loaded file C:\PROGRAM FILES\ORCAD\LAYOUT\library\TM_CYLND.llb
Sat Nov 11 18:54:17 Loaded file C:\PROGRAM FILES\ORCAD\LAYOUT\library\TM_DIODE.llb
Sat Nov 11 18:54:17 Loaded file C:\PROGRAM FILES\ORCAD\LAYOUT\library\TM_DISC.llb
Sat Nov 11 18:54:17 Loaded file C:\PROGRAM FILES\ORCAD\LAYOUT\library\TM_RAD.llb
Sat Nov 11 18:54:17 Loaded file C:\PROGRAM FILES\ORCAD\LAYOUT\library\TO.llb
Sat Nov 11 18:54:17 Loaded file C:\PROGRAM FILES\ORCAD\LAYOUT\library\TRAINING.LLB
Sat Nov 11 18:54:17 Loaded file C:\PROGRAM FILES\ORCAD\LAYOUT\library\VRES.llb
Sat Nov 11 18:54:17 Loaded file C:\PROGRAM FILES\ORCAD\LAYOUT\library\WCON100T.llb
Sat Nov 11 18:54:17 Loaded file C:\PROGRAM FILES\ORCAD\LAYOUT\library\XT.llb
Sat Nov 11 18:54:17 Loaded file C:\PROGRAM FILES\ORCAD\LAYOUT\library\ZIGZAG.llb
Sat Nov 11 18:54:17 Loaded file K:\DLC\ORCAD NEW VERSION\NEW VERSION.MAX
Sat Nov 11 18:54:17 Saved as file K:\DLC\ORCAD NEW VERSION\NEW VERSION.MAX
Sat Nov 11 18:54:17 Loaded file K:\DLC\ORCAD NEW VERSION\NEW VERSION.MAX
Sat Nov 11 18:54:23 Saved as file ~undo.max
Sat Nov 11 18:54:45 Saved as file ~undo.max
Sat Nov 11 18:54:58 Saved as file BACKUP1.MAX
Sat Nov 11 18:54:58 Saved as file K:\DLC\ORCAD NEW VERSION\NEW VERSION.MAX
Sat Nov 11 18:54:58 UserDiv from Layout.INI for AutoECO: 60
Sat Nov 11 18:54:58 Loaded file K:\DLC\ORCAD NEW VERSION\NEW VERSION.MAX
Sat Nov 11 18:54:58 Loaded file C:\PROGRAM FILES\ORCAD\LAYOUT\LIBRARY\DKR.LLB
Sat Nov 11 18:54:58 Loaded file C:\PROGRAM FILES\ORCAD\LAYOUT\LIBRARY\DKR1.LLB
Sat Nov 11 18:54:58 Loaded file C:\PROGRAM FILES\ORCAD\LAYOUT\LIBRARY\DKR-1.LLB
Sat Nov 11 18:54:58 Loaded file C:\PROGRAM FILES\ORCAD\LAYOUT\LIBRARY\DKR2.LLB
Sat Nov 11 18:54:58 Loaded file C:\PROGRAM FILES\ORCAD\LAYOUT\library\BCON100T.llb
Sat Nov 11 18:54:58 Loaded file C:\PROGRAM FILES\ORCAD\LAYOUT\library\BCON156T.llb
Sat Nov 11 18:54:58 Loaded file C:\PROGRAM FILES\ORCAD\LAYOUT\library\BGA.llb
Sat Nov 11 18:54:58 Loaded file C:\PROGRAM FILES\ORCAD\LAYOUT\library\CLCC.llb
Sat Nov 11 18:54:58 Loaded file C:\PROGRAM FILES\ORCAD\LAYOUT\library\DCON050T.llb
Sat Nov 11 18:54:58 Loaded file C:\PROGRAM FILES\ORCAD\LAYOUT\library\DCON085T.llb
Sat Nov 11 18:54:58 Loaded file C:\PROGRAM FILES\ORCAD\LAYOUT\library\DIMM050F.llb
Sat Nov 11 18:54:58 Loaded file C:\PROGRAM FILES\ORCAD\LAYOUT\library\DIMM050T.llb
Sat Nov 11 18:54:58 Loaded file C:\PROGRAM FILES\ORCAD\LAYOUT\library\DIN.llb
Sat Nov 11 18:54:58 Loaded file C:\PROGRAM FILES\ORCAD\LAYOUT\library\DIP100B.llb
Sat Nov 11 18:54:58 Loaded file C:\PROGRAM FILES\ORCAD\LAYOUT\library\DIP100T.llb
Sat Nov 11 18:54:58 Loaded file C:\PROGRAM FILES\ORCAD\LAYOUT\library\DSUBT.llb
Sat Nov 11 18:54:58 Loaded file C:\PROGRAM FILES\ORCAD\LAYOUT\library\DSUBT_HD.LLB
Sat Nov 11 18:54:58 Loaded file C:\PROGRAM FILES\ORCAD\LAYOUT\library\ECON100T.llb
Sat Nov 11 18:54:58 Loaded file C:\PROGRAM FILES\ORCAD\LAYOUT\library\FBUS.llb
Sat Nov 11 18:54:58 Loaded file C:\PROGRAM FILES\ORCAD\LAYOUT\library\ISA.llb
Sat Nov 11 18:54:58 Loaded file C:\PROGRAM FILES\ORCAD\LAYOUT\library\JUMPER.LLB
Sat Nov 11 18:54:58 Loaded file C:\PROGRAM FILES\ORCAD\LAYOUT\library\LAYOUT.llb
Sat Nov 11 18:54:58 Loaded file C:\PROGRAM FILES\ORCAD\LAYOUT\library\LCON100T.llb
Sat Nov 11 18:54:58 Loaded file C:\PROGRAM FILES\ORCAD\LAYOUT\library\PC104.llb
Sat Nov 11 18:54:58 Loaded file C:\PROGRAM FILES\ORCAD\LAYOUT\library\PCI.llb
Sat Nov 11 18:54:58 Loaded file C:\PROGRAM FILES\ORCAD\LAYOUT\library\PCON100T.llb
Sat Nov 11 18:54:58 Loaded file C:\PROGRAM FILES\ORCAD\LAYOUT\library\PCON156T.llb
Sat Nov 11 18:54:58 Loaded file C:\PROGRAM FILES\ORCAD\LAYOUT\library\PGA.llb
Sat Nov 11 18:54:58 Loaded file C:\PROGRAM FILES\ORCAD\LAYOUT\library\PLCC.llb
Sat Nov 11 18:54:58 Loaded file C:\PROGRAM FILES\ORCAD\LAYOUT\library\QUAD.llb
Sat Nov 11 18:54:58 Loaded file C:\PROGRAM FILES\ORCAD\LAYOUT\library\QUADB.llb
Sat Nov 11 18:54:58 Loaded file C:\PROGRAM FILES\ORCAD\LAYOUT\library\RELAY.llb
Sat Nov 11 18:54:58 Loaded file C:\PROGRAM FILES\ORCAD\LAYOUT\library\RF.llb
Sat Nov 11 18:54:58 Loaded file C:\PROGRAM FILES\ORCAD\LAYOUT\library\SBUS.llb
Sat Nov 11 18:54:58 Loaded file C:\PROGRAM FILES\ORCAD\LAYOUT\library\SIMM050F.llb
Sat Nov 11 18:54:58 Loaded file C:\PROGRAM FILES\ORCAD\LAYOUT\library\SIMM050T.llb
Sat Nov 11 18:54:58 Loaded file C:\PROGRAM FILES\ORCAD\LAYOUT\library\SIMM100F.llb
Sat Nov 11 18:54:58 Loaded file C:\PROGRAM FILES\ORCAD\LAYOUT\library\SIMM100T.llb
Sat Nov 11 18:54:58 Loaded file C:\PROGRAM FILES\ORCAD\LAYOUT\library\SIP.llb
Sat Nov 11 18:54:58 Loaded file C:\PROGRAM FILES\ORCAD\LAYOUT\library\SM.llb
Sat Nov 11 18:54:58 Loaded file C:\PROGRAM FILES\ORCAD\LAYOUT\library\SOG.llb
Sat Nov 11 18:54:58 Loaded file C:\PROGRAM FILES\ORCAD\LAYOUT\library\SOJ.llb
Sat Nov 11 18:54:58 Loaded file C:\PROGRAM FILES\ORCAD\LAYOUT\library\STIFF.llb
Sat Nov 11 18:54:58 Loaded file C:\PROGRAM FILES\ORCAD\LAYOUT\library\TELE.llb
Sat Nov 11 18:54:58 Loaded file C:\PROGRAM FILES\ORCAD\LAYOUT\library\TM_AXIAL.llb
Sat Nov 11 18:54:58 Loaded file C:\PROGRAM FILES\ORCAD\LAYOUT\library\TM_CAP_P.llb
Sat Nov 11 18:54:58 Loaded file C:\PROGRAM FILES\ORCAD\LAYOUT\library\TM_CYLND.llb
Sat Nov 11 18:54:58 Loaded file C:\PROGRAM FILES\ORCAD\LAYOUT\library\TM_DIODE.llb
Sat Nov 11 18:54:58 Loaded file C:\PROGRAM FILES\ORCAD\LAYOUT\library\TM_DISC.llb
Sat Nov 11 18:54:58 Loaded file C:\PROGRAM FILES\ORCAD\LAYOUT\library\TM_RAD.llb
Sat Nov 11 18:54:58 Loaded file C:\PROGRAM FILES\ORCAD\LAYOUT\library\TO.llb
Sat Nov 11 18:54:58 Loaded file C:\PROGRAM FILES\ORCAD\LAYOUT\library\TRAINING.LLB
Sat Nov 11 18:54:58 Loaded file C:\PROGRAM FILES\ORCAD\LAYOUT\library\VRES.llb
Sat Nov 11 18:54:58 Loaded file C:\PROGRAM FILES\ORCAD\LAYOUT\library\WCON100T.llb
Sat Nov 11 18:54:58 Loaded file C:\PROGRAM FILES\ORCAD\LAYOUT\library\XT.llb
Sat Nov 11 18:54:58 Loaded file C:\PROGRAM FILES\ORCAD\LAYOUT\library\ZIGZAG.llb
Sat Nov 11 18:54:58 Loaded file K:\DLC\ORCAD NEW VERSION\NEW VERSION.MAX
Sat Nov 11 18:54:58 Saved as file K:\DLC\ORCAD NEW VERSION\NEW VERSION.MAX
Sat Nov 11 18:54:59 Loaded file K:\DLC\ORCAD NEW VERSION\NEW VERSION.MAX
Sat Nov 11 19:00:14 Saved as file ~undo.max
Sat Nov 11 19:01:12 Saved as file BACKUP1.MAX
Sat Nov 11 19:01:12 Saved as file K:\DLC\ORCAD NEW VERSION\NEW VERSION.MAX
Sat Nov 11 19:01:12 UserDiv from Layout.INI for AutoECO: 60
Sat Nov 11 19:01:12 Loaded file K:\DLC\ORCAD NEW VERSION\NEW VERSION.MAX
Sat Nov 11 19:01:12 Loaded file C:\PROGRAM FILES\ORCAD\LAYOUT\LIBRARY\DKR.LLB
Sat Nov 11 19:01:12 Loaded file C:\PROGRAM FILES\ORCAD\LAYOUT\LIBRARY\DKR1.LLB
Sat Nov 11 19:01:12 Loaded file C:\PROGRAM FILES\ORCAD\LAYOUT\LIBRARY\DKR-1.LLB
Sat Nov 11 19:01:12 Loaded file C:\PROGRAM FILES\ORCAD\LAYOUT\LIBRARY\DKR2.LLB
Sat Nov 11 19:01:12 Loaded file C:\PROGRAM FILES\ORCAD\LAYOUT\library\BCON100T.llb
Sat Nov 11 19:01:12 Loaded file C:\PROGRAM FILES\ORCAD\LAYOUT\library\BCON156T.llb
Sat Nov 11 19:01:12 Loaded file C:\PROGRAM FILES\ORCAD\LAYOUT\library\BGA.llb
Sat Nov 11 19:01:12 Loaded file C:\PROGRAM FILES\ORCAD\LAYOUT\library\CLCC.llb
Sat Nov 11 19:01:12 Loaded file C:\PROGRAM FILES\ORCAD\LAYOUT\library\DCON050T.llb
Sat Nov 11 19:01:12 Loaded file C:\PROGRAM FILES\ORCAD\LAYOUT\library\DCON085T.llb
Sat Nov 11 19:01:12 Loaded file C:\PROGRAM FILES\ORCAD\LAYOUT\library\DIMM050F.llb
Sat Nov 11 19:01:12 Loaded file C:\PROGRAM FILES\ORCAD\LAYOUT\library\DIMM050T.llb
Sat Nov 11 19:01:12 Loaded file C:\PROGRAM FILES\ORCAD\LAYOUT\library\DIN.llb
Sat Nov 11 19:01:12 Loaded file C:\PROGRAM FILES\ORCAD\LAYOUT\library\DIP100B.llb
Sat Nov 11 19:01:12 Loaded file C:\PROGRAM FILES\ORCAD\LAYOUT\library\DIP100T.llb
Sat Nov 11 19:01:12 Loaded file C:\PROGRAM FILES\ORCAD\LAYOUT\library\DSUBT.llb
Sat Nov 11 19:01:12 Loaded file C:\PROGRAM FILES\ORCAD\LAYOUT\library\DSUBT_HD.LLB
Sat Nov 11 19:01:12 Loaded file C:\PROGRAM FILES\ORCAD\LAYOUT\library\ECON100T.llb
Sat Nov 11 19:01:12 Loaded file C:\PROGRAM FILES\ORCAD\LAYOUT\library\FBUS.llb
Sat Nov 11 19:01:12 Loaded file C:\PROGRAM FILES\ORCAD\LAYOUT\library\ISA.llb
Sat Nov 11 19:01:12 Loaded file C:\PROGRAM FILES\ORCAD\LAYOUT\library\JUMPER.LLB
Sat Nov 11 19:01:12 Loaded file C:\PROGRAM FILES\ORCAD\LAYOUT\library\LAYOUT.llb
Sat Nov 11 19:01:12 Loaded file C:\PROGRAM FILES\ORCAD\LAYOUT\library\LCON100T.llb
Sat Nov 11 19:01:12 Loaded file C:\PROGRAM FILES\ORCAD\LAYOUT\library\PC104.llb
Sat Nov 11 19:01:12 Loaded file C:\PROGRAM FILES\ORCAD\LAYOUT\library\PCI.llb
Sat Nov 11 19:01:12 Loaded file C:\PROGRAM FILES\ORCAD\LAYOUT\library\PCON100T.llb
Sat Nov 11 19:01:12 Loaded file C:\PROGRAM FILES\ORCAD\LAYOUT\library\PCON156T.llb
Sat Nov 11 19:01:12 Loaded file C:\PROGRAM FILES\ORCAD\LAYOUT\library\PGA.llb
Sat Nov 11 19:01:12 Loaded file C:\PROGRAM FILES\ORCAD\LAYOUT\library\PLCC.llb
Sat Nov 11 19:01:12 Loaded file C:\PROGRAM FILES\ORCAD\LAYOUT\library\QUAD.llb
Sat Nov 11 19:01:12 Loaded file C:\PROGRAM FILES\ORCAD\LAYOUT\library\QUADB.llb
Sat Nov 11 19:01:12 Loaded file C:\PROGRAM FILES\ORCAD\LAYOUT\library\RELAY.llb
Sat Nov 11 19:01:12 Loaded file C:\PROGRAM FILES\ORCAD\LAYOUT\library\RF.llb
Sat Nov 11 19:01:12 Loaded file C:\PROGRAM FILES\ORCAD\LAYOUT\library\SBUS.llb
Sat Nov 11 19:01:12 Loaded file C:\PROGRAM FILES\ORCAD\LAYOUT\library\SIMM050F.llb
Sat Nov 11 19:01:12 Loaded file C:\PROGRAM FILES\ORCAD\LAYOUT\library\SIMM050T.llb
Sat Nov 11 19:01:12 Loaded file C:\PROGRAM FILES\ORCAD\LAYOUT\library\SIMM100F.llb
Sat Nov 11 19:01:12 Loaded file C:\PROGRAM FILES\ORCAD\LAYOUT\library\SIMM100T.llb
Sat Nov 11 19:01:12 Loaded file C:\PROGRAM FILES\ORCAD\LAYOUT\library\SIP.llb
Sat Nov 11 19:01:12 Loaded file C:\PROGRAM FILES\ORCAD\LAYOUT\library\SM.llb
Sat Nov 11 19:01:12 Loaded file C:\PROGRAM FILES\ORCAD\LAYOUT\library\SOG.llb
Sat Nov 11 19:01:12 Loaded file C:\PROGRAM FILES\ORCAD\LAYOUT\library\SOJ.llb
Sat Nov 11 19:01:12 Loaded file C:\PROGRAM FILES\ORCAD\LAYOUT\library\STIFF.llb
Sat Nov 11 19:01:12 Loaded file C:\PROGRAM FILES\ORCAD\LAYOUT\library\TELE.llb
Sat Nov 11 19:01:12 Loaded file C:\PROGRAM FILES\ORCAD\LAYOUT\library\TM_AXIAL.llb
Sat Nov 11 19:01:12 Loaded file C:\PROGRAM FILES\ORCAD\LAYOUT\library\TM_CAP_P.llb
Sat Nov 11 19:01:12 Loaded file C:\PROGRAM FILES\ORCAD\LAYOUT\library\TM_CYLND.llb
Sat Nov 11 19:01:12 Loaded file C:\PROGRAM FILES\ORCAD\LAYOUT\library\TM_DIODE.llb
Sat Nov 11 19:01:12 Loaded file C:\PROGRAM FILES\ORCAD\LAYOUT\library\TM_DISC.llb
Sat Nov 11 19:01:12 Loaded file C:\PROGRAM FILES\ORCAD\LAYOUT\library\TM_RAD.llb
Sat Nov 11 19:01:13 Loaded file C:\PROGRAM FILES\ORCAD\LAYOUT\library\TO.llb
Sat Nov 11 19:01:13 Loaded file C:\PROGRAM FILES\ORCAD\LAYOUT\library\TRAINING.LLB
Sat Nov 11 19:01:13 Loaded file C:\PROGRAM FILES\ORCAD\LAYOUT\library\VRES.llb
Sat Nov 11 19:01:13 Loaded file C:\PROGRAM FILES\ORCAD\LAYOUT\library\WCON100T.llb
Sat Nov 11 19:01:13 Loaded file C:\PROGRAM FILES\ORCAD\LAYOUT\library\XT.llb
Sat Nov 11 19:01:13 Loaded file C:\PROGRAM FILES\ORCAD\LAYOUT\library\ZIGZAG.llb
Sat Nov 11 19:01:13 Saved as file K:\DLC\ORCAD NEW VERSION\NEW VERSION.MAX
Sat Nov 11 19:01:13 Loaded file K:\DLC\ORCAD NEW VERSION\NEW VERSION.MAX
Sat Nov 11 19:02:03 Saved as file BACKUP1.MAX
Sat Nov 11 19:07:10 Saved as file K:\DLC\ORCAD NEW VERSION\NEW VERSION.MAX
